\BOOKMARK [0][-]{chapter.1}{\376\377\000M\000a\000i\000n\000\040\000P\000a\000g\000e}{}% 1
\BOOKMARK [0][-]{chapter.2}{\376\377\000m\000u\000l\000t\000i\000m\000e\000t\000e\000r\000G\000U\000I}{}% 2
\BOOKMARK [0][-]{chapter.3}{\376\377\000T\000o\000d\000o\000\040\000L\000i\000s\000t}{}% 3
\BOOKMARK [0][-]{chapter.4}{\376\377\000N\000a\000m\000e\000s\000p\000a\000c\000e\000\040\000I\000n\000d\000e\000x}{}% 4
\BOOKMARK [1][-]{section.4.1}{\376\377\000N\000a\000m\000e\000s\000p\000a\000c\000e\000\040\000L\000i\000s\000t}{chapter.4}% 5
\BOOKMARK [0][-]{chapter.5}{\376\377\000H\000i\000e\000r\000a\000r\000c\000h\000i\000c\000a\000l\000\040\000I\000n\000d\000e\000x}{}% 6
\BOOKMARK [1][-]{section.5.1}{\376\377\000C\000l\000a\000s\000s\000\040\000H\000i\000e\000r\000a\000r\000c\000h\000y}{chapter.5}% 7
\BOOKMARK [0][-]{chapter.6}{\376\377\000C\000l\000a\000s\000s\000\040\000I\000n\000d\000e\000x}{}% 8
\BOOKMARK [1][-]{section.6.1}{\376\377\000C\000l\000a\000s\000s\000\040\000L\000i\000s\000t}{chapter.6}% 9
\BOOKMARK [0][-]{chapter.7}{\376\377\000F\000i\000l\000e\000\040\000I\000n\000d\000e\000x}{}% 10
\BOOKMARK [1][-]{section.7.1}{\376\377\000F\000i\000l\000e\000\040\000L\000i\000s\000t}{chapter.7}% 11
\BOOKMARK [0][-]{chapter.8}{\376\377\000N\000a\000m\000e\000s\000p\000a\000c\000e\000\040\000D\000o\000c\000u\000m\000e\000n\000t\000a\000t\000i\000o\000n}{}% 12
\BOOKMARK [1][-]{section.8.1}{\376\377\000U\000i\000\040\000N\000a\000m\000e\000s\000p\000a\000c\000e\000\040\000R\000e\000f\000e\000r\000e\000n\000c\000e}{chapter.8}% 13
\BOOKMARK [0][-]{chapter.9}{\376\377\000C\000l\000a\000s\000s\000\040\000D\000o\000c\000u\000m\000e\000n\000t\000a\000t\000i\000o\000n}{}% 14
\BOOKMARK [1][-]{section.9.1}{\376\377\000F\000l\000a\000g\000s\000\040\000S\000t\000r\000u\000c\000t\000\040\000R\000e\000f\000e\000r\000e\000n\000c\000e}{chapter.9}% 15
\BOOKMARK [2][-]{subsection.9.1.1}{\376\377\000D\000e\000t\000a\000i\000l\000e\000d\000\040\000D\000e\000s\000c\000r\000i\000p\000t\000i\000o\000n}{section.9.1}% 16
\BOOKMARK [2][-]{subsection.9.1.2}{\376\377\000M\000e\000m\000b\000e\000r\000\040\000F\000u\000n\000c\000t\000i\000o\000n\000\040\000D\000o\000c\000u\000m\000e\000n\000t\000a\000t\000i\000o\000n}{section.9.1}% 17
\BOOKMARK [3][-]{subsubsection.9.1.2.1}{\376\377\000o\000p\000e\000r\000a\000t\000o\000r\000!\000=}{subsection.9.1.2}% 18
\BOOKMARK [3][-]{subsubsection.9.1.2.2}{\376\377\000o\000p\000e\000r\000a\000t\000o\000r\000=\000=}{subsection.9.1.2}% 19
\BOOKMARK [2][-]{subsection.9.1.3}{\376\377\000M\000e\000m\000b\000e\000r\000\040\000D\000a\000t\000a\000\040\000D\000o\000c\000u\000m\000e\000n\000t\000a\000t\000i\000o\000n}{section.9.1}% 20
\BOOKMARK [3][-]{subsubsection.9.1.3.1}{\376\377\000A}{subsection.9.1.3}% 21
\BOOKMARK [3][-]{subsubsection.9.1.3.2}{\376\377\000A\000u\000t\000o}{subsection.9.1.3}% 22
\BOOKMARK [3][-]{subsubsection.9.1.3.3}{\376\377\000B\000a\000t}{subsection.9.1.3}% 23
\BOOKMARK [3][-]{subsubsection.9.1.3.4}{\376\377\000B\000e\000e\000p}{subsection.9.1.3}% 24
\BOOKMARK [3][-]{subsubsection.9.1.3.5}{\376\377\000c\000h\000e\000c\000k\000s\000u\000m}{subsection.9.1.3}% 25
\BOOKMARK [3][-]{subsubsection.9.1.3.6}{\376\377\000c\000o\000n\000t\000i\000n\000u\000i\000t\000y}{subsection.9.1.3}% 26
\BOOKMARK [3][-]{subsubsection.9.1.3.7}{\376\377\000d\000a\000s\000h}{subsection.9.1.3}% 27
\BOOKMARK [3][-]{subsubsection.9.1.3.8}{\376\377\000d\000B\000m}{subsection.9.1.3}% 28
\BOOKMARK [3][-]{subsubsection.9.1.3.9}{\376\377\000D\000i\000o\000d\000e}{subsection.9.1.3}% 29
\BOOKMARK [3][-]{subsubsection.9.1.3.10}{\376\377\000D\000P}{subsection.9.1.3}% 30
\BOOKMARK [3][-]{subsubsection.9.1.3.11}{\376\377\000F}{subsection.9.1.3}% 31
\BOOKMARK [3][-]{subsubsection.9.1.3.12}{\376\377\000h\000F\000E}{subsection.9.1.3}% 32
\BOOKMARK [3][-]{subsubsection.9.1.3.13}{\376\377\000H\000o\000l\000d}{subsection.9.1.3}% 33
\BOOKMARK [3][-]{subsubsection.9.1.3.14}{\376\377\000H\000z}{subsection.9.1.3}% 34
\BOOKMARK [3][-]{subsubsection.9.1.3.15}{\376\377\000k}{subsection.9.1.3}% 35
\BOOKMARK [3][-]{subsubsection.9.1.3.16}{\376\377\000M}{subsection.9.1.3}% 36
\BOOKMARK [3][-]{subsubsection.9.1.3.17}{\376\377\000m}{subsection.9.1.3}% 37
\BOOKMARK [3][-]{subsubsection.9.1.3.18}{\376\377\000M\000A\000X}{subsection.9.1.3}% 38
\BOOKMARK [3][-]{subsubsection.9.1.3.19}{\376\377\000M\000I\000N}{subsection.9.1.3}% 39
\BOOKMARK [3][-]{subsubsection.9.1.3.20}{\376\377\000n}{subsection.9.1.3}% 40
\BOOKMARK [3][-]{subsubsection.9.1.3.21}{\376\377\000O\000h\000m\000s}{subsection.9.1.3}% 41
\BOOKMARK [3][-]{subsubsection.9.1.3.22}{\376\377\000p\000e\000r\000c\000e\000n\000t}{subsection.9.1.3}% 42
\BOOKMARK [3][-]{subsubsection.9.1.3.23}{\376\377\000R\000E\000L}{subsection.9.1.3}% 43
\BOOKMARK [3][-]{subsubsection.9.1.3.24}{\376\377\000R\000S\0002\0003\0002}{subsection.9.1.3}% 44
\BOOKMARK [3][-]{subsubsection.9.1.3.25}{\376\377\000s}{subsection.9.1.3}% 45
\BOOKMARK [3][-]{subsubsection.9.1.3.26}{\376\377\000t\000i\000l\000d\000e}{subsection.9.1.3}% 46
\BOOKMARK [3][-]{subsubsection.9.1.3.27}{\376\377\000u}{subsection.9.1.3}% 47
\BOOKMARK [3][-]{subsubsection.9.1.3.28}{\376\377\000V}{subsection.9.1.3}% 48
\BOOKMARK [1][-]{section.9.2}{\376\377\000L\000C\000D\000\040\000C\000l\000a\000s\000s\000\040\000R\000e\000f\000e\000r\000e\000n\000c\000e}{chapter.9}% 49
\BOOKMARK [2][-]{subsection.9.2.1}{\376\377\000D\000e\000t\000a\000i\000l\000e\000d\000\040\000D\000e\000s\000c\000r\000i\000p\000t\000i\000o\000n}{section.9.2}% 50
\BOOKMARK [2][-]{subsection.9.2.2}{\376\377\000C\000o\000n\000s\000t\000r\000u\000c\000t\000o\000r\000\040\000\046\000\040\000D\000e\000s\000t\000r\000u\000c\000t\000o\000r\000\040\000D\000o\000c\000u\000m\000e\000n\000t\000a\000t\000i\000o\000n}{section.9.2}% 51
\BOOKMARK [3][-]{subsubsection.9.2.2.1}{\376\377\000L\000C\000D}{subsection.9.2.2}% 52
\BOOKMARK [2][-]{subsection.9.2.3}{\376\377\000M\000e\000m\000b\000e\000r\000\040\000F\000u\000n\000c\000t\000i\000o\000n\000\040\000D\000o\000c\000u\000m\000e\000n\000t\000a\000t\000i\000o\000n}{section.9.2}% 53
\BOOKMARK [3][-]{subsubsection.9.2.3.1}{\376\377\000p\000a\000i\000n\000t\000E\000v\000e\000n\000t}{subsection.9.2.3}% 54
\BOOKMARK [2][-]{subsection.9.2.4}{\376\377\000M\000e\000m\000b\000e\000r\000\040\000D\000a\000t\000a\000\040\000D\000o\000c\000u\000m\000e\000n\000t\000a\000t\000i\000o\000n}{section.9.2}% 55
\BOOKMARK [3][-]{subsubsection.9.2.4.1}{\376\377\000d\000a\000t\000a}{subsection.9.2.4}% 56
\BOOKMARK [3][-]{subsubsection.9.2.4.2}{\376\377\000l\000b\000l}{subsection.9.2.4}% 57
\BOOKMARK [1][-]{section.9.3}{\376\377\000U\000i\000:\000:\000M\000a\000i\000n\000W\000i\000n\000d\000o\000w\000\040\000C\000l\000a\000s\000s\000\040\000R\000e\000f\000e\000r\000e\000n\000c\000e}{chapter.9}% 58
\BOOKMARK [1][-]{section.9.4}{\376\377\000M\000a\000i\000n\000W\000i\000n\000d\000o\000w\000\040\000C\000l\000a\000s\000s\000\040\000R\000e\000f\000e\000r\000e\000n\000c\000e}{chapter.9}% 59
\BOOKMARK [2][-]{subsection.9.4.1}{\376\377\000D\000e\000t\000a\000i\000l\000e\000d\000\040\000D\000e\000s\000c\000r\000i\000p\000t\000i\000o\000n}{section.9.4}% 60
\BOOKMARK [2][-]{subsection.9.4.2}{\376\377\000C\000o\000n\000s\000t\000r\000u\000c\000t\000o\000r\000\040\000\046\000\040\000D\000e\000s\000t\000r\000u\000c\000t\000o\000r\000\040\000D\000o\000c\000u\000m\000e\000n\000t\000a\000t\000i\000o\000n}{section.9.4}% 61
\BOOKMARK [3][-]{subsubsection.9.4.2.1}{\376\377\000M\000a\000i\000n\000W\000i\000n\000d\000o\000w}{subsection.9.4.2}% 62
\BOOKMARK [3][-]{subsubsection.9.4.2.2}{\376\377\000M\000a\000i\000n\000W\000i\000n\000d\000o\000w}{subsection.9.4.2}% 63
\BOOKMARK [2][-]{subsection.9.4.3}{\376\377\000M\000e\000m\000b\000e\000r\000\040\000F\000u\000n\000c\000t\000i\000o\000n\000\040\000D\000o\000c\000u\000m\000e\000n\000t\000a\000t\000i\000o\000n}{section.9.4}% 64
\BOOKMARK [3][-]{subsubsection.9.4.3.1}{\376\377\000a\000d\000d\000D\000a\000t\000a}{subsection.9.4.3}% 65
\BOOKMARK [3][-]{subsubsection.9.4.3.2}{\376\377\000o\000n\000\137\000c\000o\000n\000n\000e\000c\000t\000B\000u\000t\000t\000o\000n\000\137\000c\000l\000i\000c\000k\000e\000d}{subsection.9.4.3}% 66
\BOOKMARK [3][-]{subsubsection.9.4.3.3}{\376\377\000o\000n\000\137\000d\000i\000s\000c\000o\000n\000n\000e\000c\000t\000B\000u\000t\000t\000o\000n\000\137\000c\000l\000i\000c\000k\000e\000d}{subsection.9.4.3}% 67
\BOOKMARK [3][-]{subsubsection.9.4.3.4}{\376\377\000r\000e\000s\000e\000t\000D\000a\000t\000a}{subsection.9.4.3}% 68
\BOOKMARK [2][-]{subsection.9.4.4}{\376\377\000M\000e\000m\000b\000e\000r\000\040\000D\000a\000t\000a\000\040\000D\000o\000c\000u\000m\000e\000n\000t\000a\000t\000i\000o\000n}{section.9.4}% 69
\BOOKMARK [3][-]{subsubsection.9.4.4.1}{\376\377\000c\000o\000u\000n\000t\000e\000r}{subsection.9.4.4}% 70
\BOOKMARK [3][-]{subsubsection.9.4.4.2}{\376\377\000g\000r\000a\000p\000h}{subsection.9.4.4}% 71
\BOOKMARK [3][-]{subsubsection.9.4.4.3}{\376\377\000l\000a\000b\000e\000l}{subsection.9.4.4}% 72
\BOOKMARK [3][-]{subsubsection.9.4.4.4}{\376\377\000l\000c\000d}{subsection.9.4.4}% 73
\BOOKMARK [3][-]{subsubsection.9.4.4.5}{\376\377\000m\000a\000x\000D\000a\000t\000a}{subsection.9.4.4}% 74
\BOOKMARK [3][-]{subsubsection.9.4.4.6}{\376\377\000m\000i\000n\000D\000a\000t\000a}{subsection.9.4.4}% 75
\BOOKMARK [3][-]{subsubsection.9.4.4.7}{\376\377\000n\000e\000w\000D\000a\000t\000a}{subsection.9.4.4}% 76
\BOOKMARK [3][-]{subsubsection.9.4.4.8}{\376\377\000p\000o\000r\000t\000P\000t\000r}{subsection.9.4.4}% 77
\BOOKMARK [3][-]{subsubsection.9.4.4.9}{\376\377\000r\000a\000w\000d\000a\000t\000a}{subsection.9.4.4}% 78
\BOOKMARK [3][-]{subsubsection.9.4.4.10}{\376\377\000r\000D\000a\000t\000a}{subsection.9.4.4}% 79
\BOOKMARK [3][-]{subsubsection.9.4.4.11}{\376\377\000s\000c\000e\000n\000e}{subsection.9.4.4}% 80
\BOOKMARK [3][-]{subsubsection.9.4.4.12}{\376\377\000s\000t\000o\000r\000e\000D\000a\000t\000a}{subsection.9.4.4}% 81
\BOOKMARK [3][-]{subsubsection.9.4.4.13}{\376\377\000t\000i\000m\000e\000M\000a\000r\000k}{subsection.9.4.4}% 82
\BOOKMARK [3][-]{subsubsection.9.4.4.14}{\376\377\000t\000i\000m\000e\000R\000u\000n\000n\000i\000n\000g}{subsection.9.4.4}% 83
\BOOKMARK [3][-]{subsubsection.9.4.4.15}{\376\377\000t\000m\000p}{subsection.9.4.4}% 84
\BOOKMARK [3][-]{subsubsection.9.4.4.16}{\376\377\000u\000i}{subsection.9.4.4}% 85
\BOOKMARK [1][-]{section.9.5}{\376\377\000p\000l\000o\000t\000G\000r\000a\000p\000h\000\040\000C\000l\000a\000s\000s\000\040\000R\000e\000f\000e\000r\000e\000n\000c\000e}{chapter.9}% 86
\BOOKMARK [2][-]{subsection.9.5.1}{\376\377\000D\000e\000t\000a\000i\000l\000e\000d\000\040\000D\000e\000s\000c\000r\000i\000p\000t\000i\000o\000n}{section.9.5}% 87
\BOOKMARK [2][-]{subsection.9.5.2}{\376\377\000C\000o\000n\000s\000t\000r\000u\000c\000t\000o\000r\000\040\000\046\000\040\000D\000e\000s\000t\000r\000u\000c\000t\000o\000r\000\040\000D\000o\000c\000u\000m\000e\000n\000t\000a\000t\000i\000o\000n}{section.9.5}% 88
\BOOKMARK [3][-]{subsubsection.9.5.2.1}{\376\377\000p\000l\000o\000t\000G\000r\000a\000p\000h}{subsection.9.5.2}% 89
\BOOKMARK [3][-]{subsubsection.9.5.2.2}{\376\377\000p\000l\000o\000t\000G\000r\000a\000p\000h}{subsection.9.5.2}% 90
\BOOKMARK [2][-]{subsection.9.5.3}{\376\377\000M\000e\000m\000b\000e\000r\000\040\000F\000u\000n\000c\000t\000i\000o\000n\000\040\000D\000o\000c\000u\000m\000e\000n\000t\000a\000t\000i\000o\000n}{section.9.5}% 91
\BOOKMARK [3][-]{subsubsection.9.5.3.1}{\376\377\000b\000o\000u\000n\000d\000i\000n\000g\000R\000e\000c\000t}{subsection.9.5.3}% 92
\BOOKMARK [3][-]{subsubsection.9.5.3.2}{\376\377\000l\000a\000b\000e\000l\000X\000a\000x\000i\000s}{subsection.9.5.3}% 93
\BOOKMARK [3][-]{subsubsection.9.5.3.3}{\376\377\000l\000a\000b\000e\000l\000Y\000a\000x\000i\000s}{subsection.9.5.3}% 94
\BOOKMARK [3][-]{subsubsection.9.5.3.4}{\376\377\000l\000i\000n\000k\000D\000a\000t\000a}{subsection.9.5.3}% 95
\BOOKMARK [3][-]{subsubsection.9.5.3.5}{\376\377\000p\000a\000i\000n\000t}{subsection.9.5.3}% 96
\BOOKMARK [3][-]{subsubsection.9.5.3.6}{\376\377\000p\000a\000i\000n\000t\000A\000x\000i\000s}{subsection.9.5.3}% 97
\BOOKMARK [3][-]{subsubsection.9.5.3.7}{\376\377\000p\000l\000o\000t\000D\000a\000t\000a}{subsection.9.5.3}% 98
\BOOKMARK [3][-]{subsubsection.9.5.3.8}{\376\377\000r\000e\000a\000l\0002\000C\000o\000o\000r\000d}{subsection.9.5.3}% 99
\BOOKMARK [3][-]{subsubsection.9.5.3.9}{\376\377\000s\000e\000t\000S\000c\000e\000n\000e}{subsection.9.5.3}% 100
\BOOKMARK [3][-]{subsubsection.9.5.3.10}{\376\377\000s\000e\000t\000U\000n\000i\000t}{subsection.9.5.3}% 101
\BOOKMARK [3][-]{subsubsection.9.5.3.11}{\376\377\000s\000e\000t\000X\000a\000x\000i\000s}{subsection.9.5.3}% 102
\BOOKMARK [3][-]{subsubsection.9.5.3.12}{\376\377\000s\000e\000t\000X\000s\000t\000i\000c\000k\000s}{subsection.9.5.3}% 103
\BOOKMARK [3][-]{subsubsection.9.5.3.13}{\376\377\000s\000e\000t\000Y\000a\000x\000i\000s}{subsection.9.5.3}% 104
\BOOKMARK [3][-]{subsubsection.9.5.3.14}{\376\377\000s\000e\000t\000Y\000s\000t\000i\000c\000k\000s}{subsection.9.5.3}% 105
\BOOKMARK [2][-]{subsection.9.5.4}{\376\377\000M\000e\000m\000b\000e\000r\000\040\000D\000a\000t\000a\000\040\000D\000o\000c\000u\000m\000e\000n\000t\000a\000t\000i\000o\000n}{section.9.5}% 106
\BOOKMARK [3][-]{subsubsection.9.5.4.1}{\376\377\000a\000x\000i\000s\000M\000a\000r\000g\000i\000n}{subsection.9.5.4}% 107
\BOOKMARK [3][-]{subsubsection.9.5.4.2}{\376\377\000b\000R\000e\000c\000t}{subsection.9.5.4}% 108
\BOOKMARK [3][-]{subsubsection.9.5.4.3}{\376\377\000d\000a\000t\000a}{subsection.9.5.4}% 109
\BOOKMARK [3][-]{subsubsection.9.5.4.4}{\376\377\000n\000x}{subsection.9.5.4}% 110
\BOOKMARK [3][-]{subsubsection.9.5.4.5}{\376\377\000n\000y}{subsection.9.5.4}% 111
\BOOKMARK [3][-]{subsubsection.9.5.4.6}{\376\377\000o\000r\000i\000g\000i\000n}{subsection.9.5.4}% 112
\BOOKMARK [3][-]{subsubsection.9.5.4.7}{\376\377\000r\000i\000g\000h\000t\000X}{subsection.9.5.4}% 113
\BOOKMARK [3][-]{subsubsection.9.5.4.8}{\376\377\000s\000c\000e\000n\000e}{subsection.9.5.4}% 114
\BOOKMARK [3][-]{subsubsection.9.5.4.9}{\376\377\000u\000n\000i\000t}{subsection.9.5.4}% 115
\BOOKMARK [3][-]{subsubsection.9.5.4.10}{\376\377\000u\000p\000p\000e\000r\000Y}{subsection.9.5.4}% 116
\BOOKMARK [3][-]{subsubsection.9.5.4.11}{\376\377\000x\000m\000a\000x}{subsection.9.5.4}% 117
\BOOKMARK [3][-]{subsubsection.9.5.4.12}{\376\377\000x\000m\000i\000n}{subsection.9.5.4}% 118
\BOOKMARK [3][-]{subsubsection.9.5.4.13}{\376\377\000y\000m\000a\000x}{subsection.9.5.4}% 119
\BOOKMARK [3][-]{subsubsection.9.5.4.14}{\376\377\000y\000m\000i\000n}{subsection.9.5.4}% 120
\BOOKMARK [1][-]{section.9.6}{\376\377\000q\000t\000\137\000m\000e\000t\000a\000\137\000s\000t\000r\000i\000n\000g\000d\000a\000t\000a\000\137\000F\000o\000o\000\137\000t\000\040\000S\000t\000r\000u\000c\000t\000\040\000R\000e\000f\000e\000r\000e\000n\000c\000e}{chapter.9}% 121
\BOOKMARK [2][-]{subsection.9.6.1}{\376\377\000M\000e\000m\000b\000e\000r\000\040\000D\000a\000t\000a\000\040\000D\000o\000c\000u\000m\000e\000n\000t\000a\000t\000i\000o\000n}{section.9.6}% 122
\BOOKMARK [3][-]{subsubsection.9.6.1.1}{\376\377\000d\000a\000t\000a}{subsection.9.6.1}% 123
\BOOKMARK [3][-]{subsubsection.9.6.1.2}{\376\377\000s\000t\000r\000i\000n\000g\000d\000a\000t\000a\0000}{subsection.9.6.1}% 124
\BOOKMARK [1][-]{section.9.7}{\376\377\000q\000t\000\137\000m\000e\000t\000a\000\137\000s\000t\000r\000i\000n\000g\000d\000a\000t\000a\000\137\000L\000C\000D\000\137\000t\000\040\000S\000t\000r\000u\000c\000t\000\040\000R\000e\000f\000e\000r\000e\000n\000c\000e}{chapter.9}% 125
\BOOKMARK [2][-]{subsection.9.7.1}{\376\377\000M\000e\000m\000b\000e\000r\000\040\000D\000a\000t\000a\000\040\000D\000o\000c\000u\000m\000e\000n\000t\000a\000t\000i\000o\000n}{section.9.7}% 126
\BOOKMARK [3][-]{subsubsection.9.7.1.1}{\376\377\000d\000a\000t\000a}{subsection.9.7.1}% 127
\BOOKMARK [3][-]{subsubsection.9.7.1.2}{\376\377\000s\000t\000r\000i\000n\000g\000d\000a\000t\000a\0000}{subsection.9.7.1}% 128
\BOOKMARK [1][-]{section.9.8}{\376\377\000q\000t\000\137\000m\000e\000t\000a\000\137\000s\000t\000r\000i\000n\000g\000d\000a\000t\000a\000\137\000L\000C\000D\000s\000c\000r\000e\000e\000n\000\137\000t\000\040\000S\000t\000r\000u\000c\000t\000\040\000R\000e\000f\000e\000r\000e\000n\000c\000e}{chapter.9}% 129
\BOOKMARK [2][-]{subsection.9.8.1}{\376\377\000M\000e\000m\000b\000e\000r\000\040\000D\000a\000t\000a\000\040\000D\000o\000c\000u\000m\000e\000n\000t\000a\000t\000i\000o\000n}{section.9.8}% 130
\BOOKMARK [3][-]{subsubsection.9.8.1.1}{\376\377\000d\000a\000t\000a}{subsection.9.8.1}% 131
\BOOKMARK [3][-]{subsubsection.9.8.1.2}{\376\377\000s\000t\000r\000i\000n\000g\000d\000a\000t\000a\0000}{subsection.9.8.1}% 132
\BOOKMARK [1][-]{section.9.9}{\376\377\000q\000t\000\137\000m\000e\000t\000a\000\137\000s\000t\000r\000i\000n\000g\000d\000a\000t\000a\000\137\000M\000a\000i\000n\000W\000i\000n\000d\000o\000w\000\137\000t\000\040\000S\000t\000r\000u\000c\000t\000\040\000R\000e\000f\000e\000r\000e\000n\000c\000e}{chapter.9}% 133
\BOOKMARK [2][-]{subsection.9.9.1}{\376\377\000M\000e\000m\000b\000e\000r\000\040\000D\000a\000t\000a\000\040\000D\000o\000c\000u\000m\000e\000n\000t\000a\000t\000i\000o\000n}{section.9.9}% 134
\BOOKMARK [3][-]{subsubsection.9.9.1.1}{\376\377\000d\000a\000t\000a}{subsection.9.9.1}% 135
\BOOKMARK [3][-]{subsubsection.9.9.1.2}{\376\377\000s\000t\000r\000i\000n\000g\000d\000a\000t\000a\0000}{subsection.9.9.1}% 136
\BOOKMARK [1][-]{section.9.10}{\376\377\000q\000t\000\137\000m\000e\000t\000a\000\137\000s\000t\000r\000i\000n\000g\000d\000a\000t\000a\000\137\000p\000l\000o\000t\000G\000r\000a\000p\000h\000\137\000t\000\040\000S\000t\000r\000u\000c\000t\000\040\000R\000e\000f\000e\000r\000e\000n\000c\000e}{chapter.9}% 137
\BOOKMARK [2][-]{subsection.9.10.1}{\376\377\000M\000e\000m\000b\000e\000r\000\040\000D\000a\000t\000a\000\040\000D\000o\000c\000u\000m\000e\000n\000t\000a\000t\000i\000o\000n}{section.9.10}% 138
\BOOKMARK [3][-]{subsubsection.9.10.1.1}{\376\377\000d\000a\000t\000a}{subsection.9.10.1}% 139
\BOOKMARK [3][-]{subsubsection.9.10.1.2}{\376\377\000s\000t\000r\000i\000n\000g\000d\000a\000t\000a\0000}{subsection.9.10.1}% 140
\BOOKMARK [1][-]{section.9.11}{\376\377\000q\000t\000\137\000m\000e\000t\000a\000\137\000s\000t\000r\000i\000n\000g\000d\000a\000t\000a\000\137\000R\000S\0002\0002\0008\0001\0002\000\137\000t\000\040\000S\000t\000r\000u\000c\000t\000\040\000R\000e\000f\000e\000r\000e\000n\000c\000e}{chapter.9}% 141
\BOOKMARK [2][-]{subsection.9.11.1}{\376\377\000M\000e\000m\000b\000e\000r\000\040\000D\000a\000t\000a\000\040\000D\000o\000c\000u\000m\000e\000n\000t\000a\000t\000i\000o\000n}{section.9.11}% 142
\BOOKMARK [3][-]{subsubsection.9.11.1.1}{\376\377\000d\000a\000t\000a}{subsection.9.11.1}% 143
\BOOKMARK [3][-]{subsubsection.9.11.1.2}{\376\377\000s\000t\000r\000i\000n\000g\000d\000a\000t\000a\0000}{subsection.9.11.1}% 144
\BOOKMARK [1][-]{section.9.12}{\376\377\000q\000t\000\137\000m\000e\000t\000a\000\137\000s\000t\000r\000i\000n\000g\000d\000a\000t\000a\000\137\000S\000e\000r\000i\000a\000l\000P\000o\000r\000t\000\137\000t\000\040\000S\000t\000r\000u\000c\000t\000\040\000R\000e\000f\000e\000r\000e\000n\000c\000e}{chapter.9}% 145
\BOOKMARK [2][-]{subsection.9.12.1}{\376\377\000M\000e\000m\000b\000e\000r\000\040\000D\000a\000t\000a\000\040\000D\000o\000c\000u\000m\000e\000n\000t\000a\000t\000i\000o\000n}{section.9.12}% 146
\BOOKMARK [3][-]{subsubsection.9.12.1.1}{\376\377\000d\000a\000t\000a}{subsection.9.12.1}% 147
\BOOKMARK [3][-]{subsubsection.9.12.1.2}{\376\377\000s\000t\000r\000i\000n\000g\000d\000a\000t\000a\0000}{subsection.9.12.1}% 148
\BOOKMARK [1][-]{section.9.13}{\376\377\000R\000S\0002\0002\0008\0001\0002\000\040\000C\000l\000a\000s\000s\000\040\000R\000e\000f\000e\000r\000e\000n\000c\000e}{chapter.9}% 149
\BOOKMARK [2][-]{subsection.9.13.1}{\376\377\000D\000e\000t\000a\000i\000l\000e\000d\000\040\000D\000e\000s\000c\000r\000i\000p\000t\000i\000o\000n}{section.9.13}% 150
\BOOKMARK [2][-]{subsection.9.13.2}{\376\377\000C\000o\000n\000s\000t\000r\000u\000c\000t\000o\000r\000\040\000\046\000\040\000D\000e\000s\000t\000r\000u\000c\000t\000o\000r\000\040\000D\000o\000c\000u\000m\000e\000n\000t\000a\000t\000i\000o\000n}{section.9.13}% 151
\BOOKMARK [3][-]{subsubsection.9.13.2.1}{\376\377\000R\000S\0002\0002\0008\0001\0002}{subsection.9.13.2}% 152
\BOOKMARK [2][-]{subsection.9.13.3}{\376\377\000M\000e\000m\000b\000e\000r\000\040\000F\000u\000n\000c\000t\000i\000o\000n\000\040\000D\000o\000c\000u\000m\000e\000n\000t\000a\000t\000i\000o\000n}{section.9.13}% 153
\BOOKMARK [3][-]{subsubsection.9.13.3.1}{\376\377\000b\000y\000t\000e\0002\000D\000i\000g\000i\000t}{subsection.9.13.3}% 154
\BOOKMARK [3][-]{subsubsection.9.13.3.2}{\376\377\000g\000e\000t\000D\000i\000g\000i\000t\000S\000t\000r\000i\000n\000g}{subsection.9.13.3}% 155
\BOOKMARK [3][-]{subsubsection.9.13.3.3}{\376\377\000g\000e\000t\000F\000l\000a\000g\000s}{subsection.9.13.3}% 156
\BOOKMARK [3][-]{subsubsection.9.13.3.4}{\376\377\000g\000e\000t\000M\000o\000d\000e}{subsection.9.13.3}% 157
\BOOKMARK [3][-]{subsubsection.9.13.3.5}{\376\377\000g\000e\000t\000V\000a\000l}{subsection.9.13.3}% 158
\BOOKMARK [3][-]{subsubsection.9.13.3.6}{\376\377\000m\000o\000d\000e\000C\000h\000a\000n\000g\000e\000d}{subsection.9.13.3}% 159
\BOOKMARK [3][-]{subsubsection.9.13.3.7}{\376\377\000n\000e\000w\000D\000a\000t\000a}{subsection.9.13.3}% 160
\BOOKMARK [3][-]{subsubsection.9.13.3.8}{\376\377\000n\000e\000w\000M\000o\000d\000e}{subsection.9.13.3}% 161
\BOOKMARK [3][-]{subsubsection.9.13.3.9}{\376\377\000n\000e\000w\000V\000a\000l\000u\000e}{subsection.9.13.3}% 162
\BOOKMARK [3][-]{subsubsection.9.13.3.10}{\376\377\000r\000e\000s\000e\000t\000F\000l\000a\000g\000s}{subsection.9.13.3}% 163
\BOOKMARK [2][-]{subsection.9.13.4}{\376\377\000M\000e\000m\000b\000e\000r\000\040\000D\000a\000t\000a\000\040\000D\000o\000c\000u\000m\000e\000n\000t\000a\000t\000i\000o\000n}{section.9.13}% 164
\BOOKMARK [3][-]{subsubsection.9.13.4.1}{\376\377\000d\000i\000g\000i\000t\000s}{subsection.9.13.4}% 165
\BOOKMARK [3][-]{subsubsection.9.13.4.2}{\376\377\000f\000l\000a\000g\000s}{subsection.9.13.4}% 166
\BOOKMARK [3][-]{subsubsection.9.13.4.3}{\376\377\000m\000o\000d\000e}{subsection.9.13.4}% 167
\BOOKMARK [3][-]{subsubsection.9.13.4.4}{\376\377\000o\000l\000d\000f\000l\000a\000g\000s}{subsection.9.13.4}% 168
\BOOKMARK [1][-]{section.9.14}{\376\377\000S\000e\000r\000i\000a\000l\000P\000o\000r\000t\000\040\000C\000l\000a\000s\000s\000\040\000R\000e\000f\000e\000r\000e\000n\000c\000e}{chapter.9}% 169
\BOOKMARK [2][-]{subsection.9.14.1}{\376\377\000D\000e\000t\000a\000i\000l\000e\000d\000\040\000D\000e\000s\000c\000r\000i\000p\000t\000i\000o\000n}{section.9.14}% 170
\BOOKMARK [2][-]{subsection.9.14.2}{\376\377\000C\000o\000n\000s\000t\000r\000u\000c\000t\000o\000r\000\040\000\046\000\040\000D\000e\000s\000t\000r\000u\000c\000t\000o\000r\000\040\000D\000o\000c\000u\000m\000e\000n\000t\000a\000t\000i\000o\000n}{section.9.14}% 171
\BOOKMARK [3][-]{subsubsection.9.14.2.1}{\376\377\000S\000e\000r\000i\000a\000l\000P\000o\000r\000t}{subsection.9.14.2}% 172
\BOOKMARK [3][-]{subsubsection.9.14.2.2}{\376\377\000S\000e\000r\000i\000a\000l\000P\000o\000r\000t}{subsection.9.14.2}% 173
\BOOKMARK [2][-]{subsection.9.14.3}{\376\377\000M\000e\000m\000b\000e\000r\000\040\000F\000u\000n\000c\000t\000i\000o\000n\000\040\000D\000o\000c\000u\000m\000e\000n\000t\000a\000t\000i\000o\000n}{section.9.14}% 174
\BOOKMARK [3][-]{subsubsection.9.14.3.1}{\376\377\000c\000l\000o\000s\000e\000P\000o\000r\000t}{subsection.9.14.3}% 175
\BOOKMARK [3][-]{subsubsection.9.14.3.2}{\376\377\000l\000i\000s\000t\000P\000o\000r\000t\000s}{subsection.9.14.3}% 176
\BOOKMARK [3][-]{subsubsection.9.14.3.3}{\376\377\000o\000p\000e\000n\000P\000o\000r\000t}{subsection.9.14.3}% 177
\BOOKMARK [3][-]{subsubsection.9.14.3.4}{\376\377\000r\000e\000a\000d\000P\000o\000r\000t}{subsection.9.14.3}% 178
\BOOKMARK [3][-]{subsubsection.9.14.3.5}{\376\377\000r\000e\000a\000d\000y}{subsection.9.14.3}% 179
\BOOKMARK [3][-]{subsubsection.9.14.3.6}{\376\377\000r\000e\000a\000d\000y\000R\000e\000a\000d}{subsection.9.14.3}% 180
\BOOKMARK [2][-]{subsection.9.14.4}{\376\377\000M\000e\000m\000b\000e\000r\000\040\000D\000a\000t\000a\000\040\000D\000o\000c\000u\000m\000e\000n\000t\000a\000t\000i\000o\000n}{section.9.14}% 181
\BOOKMARK [3][-]{subsubsection.9.14.4.1}{\376\377\000a\000c\000t\000i\000v\000e\000P\000o\000r\000t}{subsection.9.14.4}% 182
\BOOKMARK [3][-]{subsubsection.9.14.4.2}{\376\377\000B\000A\000U\000D\000R\000A\000T\000E}{subsection.9.14.4}% 183
\BOOKMARK [3][-]{subsubsection.9.14.4.3}{\376\377\000b\000u\000f\000f\000e\000r}{subsection.9.14.4}% 184
\BOOKMARK [3][-]{subsubsection.9.14.4.4}{\376\377\000D\000A\000T\000A\000B\000I\000T\000S}{subsection.9.14.4}% 185
\BOOKMARK [3][-]{subsubsection.9.14.4.5}{\376\377\000i\000s\000O\000p\000e\000n}{subsection.9.14.4}% 186
\BOOKMARK [3][-]{subsubsection.9.14.4.6}{\376\377\000M\000O\000D\000E}{subsection.9.14.4}% 187
\BOOKMARK [3][-]{subsubsection.9.14.4.7}{\376\377\000P\000A\000R\000I\000T\000Y}{subsection.9.14.4}% 188
\BOOKMARK [3][-]{subsubsection.9.14.4.8}{\376\377\000p\000o\000r\000t\000s}{subsection.9.14.4}% 189
\BOOKMARK [3][-]{subsubsection.9.14.4.9}{\376\377\000r\000e\000a\000d\000C\000o\000n\000n\000e\000c\000t}{subsection.9.14.4}% 190
\BOOKMARK [3][-]{subsubsection.9.14.4.10}{\376\377\000S\000T\000O\000P\000B\000I\000T\000S}{subsection.9.14.4}% 191
\BOOKMARK [1][-]{section.9.15}{\376\377\000U\000i\000\137\000M\000a\000i\000n\000W\000i\000n\000d\000o\000w\000\040\000C\000l\000a\000s\000s\000\040\000R\000e\000f\000e\000r\000e\000n\000c\000e}{chapter.9}% 192
\BOOKMARK [2][-]{subsection.9.15.1}{\376\377\000M\000e\000m\000b\000e\000r\000\040\000F\000u\000n\000c\000t\000i\000o\000n\000\040\000D\000o\000c\000u\000m\000e\000n\000t\000a\000t\000i\000o\000n}{section.9.15}% 193
\BOOKMARK [3][-]{subsubsection.9.15.1.1}{\376\377\000r\000e\000t\000r\000a\000n\000s\000l\000a\000t\000e\000U\000i}{subsection.9.15.1}% 194
\BOOKMARK [3][-]{subsubsection.9.15.1.2}{\376\377\000s\000e\000t\000u\000p\000U\000i}{subsection.9.15.1}% 195
\BOOKMARK [2][-]{subsection.9.15.2}{\376\377\000M\000e\000m\000b\000e\000r\000\040\000D\000a\000t\000a\000\040\000D\000o\000c\000u\000m\000e\000n\000t\000a\000t\000i\000o\000n}{section.9.15}% 196
\BOOKMARK [3][-]{subsubsection.9.15.2.1}{\376\377\000c\000e\000n\000t\000r\000a\000l\000W\000i\000d\000g\000e\000t}{subsection.9.15.2}% 197
\BOOKMARK [3][-]{subsubsection.9.15.2.2}{\376\377\000c\000o\000m\000b\000o\000B\000o\000x\000P\000o\000r\000t}{subsection.9.15.2}% 198
\BOOKMARK [3][-]{subsubsection.9.15.2.3}{\376\377\000c\000o\000n\000n\000e\000c\000t\000B\000u\000t\000t\000o\000n}{subsection.9.15.2}% 199
\BOOKMARK [3][-]{subsubsection.9.15.2.4}{\376\377\000d\000i\000s\000c\000o\000n\000n\000e\000c\000t\000B\000u\000t\000t\000o\000n}{subsection.9.15.2}% 200
\BOOKMARK [3][-]{subsubsection.9.15.2.5}{\376\377\000g\000r\000a\000p\000h\000P\000l\000o\000t}{subsection.9.15.2}% 201
\BOOKMARK [3][-]{subsubsection.9.15.2.6}{\376\377\000g\000r\000i\000d\000L\000a\000y\000o\000u\000t}{subsection.9.15.2}% 202
\BOOKMARK [3][-]{subsubsection.9.15.2.7}{\376\377\000h\000o\000r\000i\000z\000o\000n\000t\000a\000l\000L\000a\000y\000o\000u\000t}{subsection.9.15.2}% 203
\BOOKMARK [3][-]{subsubsection.9.15.2.8}{\376\377\000l\000a\000b\000e\000l\000P\000o\000r\000t}{subsection.9.15.2}% 204
\BOOKMARK [3][-]{subsubsection.9.15.2.9}{\376\377\000m\000a\000i\000n\000T\000o\000o\000l\000B\000a\000r}{subsection.9.15.2}% 205
\BOOKMARK [3][-]{subsubsection.9.15.2.10}{\376\377\000m\000e\000n\000u\000B\000a\000r}{subsection.9.15.2}% 206
\BOOKMARK [3][-]{subsubsection.9.15.2.11}{\376\377\000s\000t\000a\000t\000u\000s\000B\000a\000r}{subsection.9.15.2}% 207
\BOOKMARK [3][-]{subsubsection.9.15.2.12}{\376\377\000t\000o\000o\000l\000B\000a\000r}{subsection.9.15.2}% 208
\BOOKMARK [3][-]{subsubsection.9.15.2.13}{\376\377\000v\000e\000r\000t\000i\000c\000a\000l\000L\000a\000y\000o\000u\000t}{subsection.9.15.2}% 209
\BOOKMARK [3][-]{subsubsection.9.15.2.14}{\376\377\000v\000e\000r\000t\000i\000c\000a\000l\000L\000a\000y\000o\000u\000t\000\137\0002}{subsection.9.15.2}% 210
\BOOKMARK [0][-]{chapter.10}{\376\377\000F\000i\000l\000e\000\040\000D\000o\000c\000u\000m\000e\000n\000t\000a\000t\000i\000o\000n}{}% 211
\BOOKMARK [1][-]{section.10.1}{\376\377\000b\000u\000i\000l\000d\000-\000m\000u\000l\000t\000i\000m\000e\000t\000e\000r\000G\000U\000I\000-\000D\000e\000s\000k\000t\000o\000p\000-\000D\000e\000b\000u\000g\000/\000m\000o\000c\000\137\000d\000a\000t\000a\000r\000s\0002\0002\0008\0001\0002\000.\000c\000p\000p\000\040\000F\000i\000l\000e\000\040\000R\000e\000f\000e\000r\000e\000n\000c\000e}{chapter.10}% 212
\BOOKMARK [1][-]{section.10.2}{\376\377\000b\000u\000i\000l\000d\000-\000m\000u\000l\000t\000i\000m\000e\000t\000e\000r\000G\000U\000I\000-\000D\000e\000s\000k\000t\000o\000p\000-\000D\000e\000b\000u\000g\000/\000m\000o\000c\000\137\000f\000o\000o\000.\000c\000p\000p\000\040\000F\000i\000l\000e\000\040\000R\000e\000f\000e\000r\000e\000n\000c\000e}{chapter.10}% 213
\BOOKMARK [2][-]{subsection.10.2.1}{\376\377\000M\000a\000c\000r\000o\000\040\000D\000e\000f\000i\000n\000i\000t\000i\000o\000n\000\040\000D\000o\000c\000u\000m\000e\000n\000t\000a\000t\000i\000o\000n}{section.10.2}% 214
\BOOKMARK [3][-]{subsubsection.10.2.1.1}{\376\377\000Q\000T\000\137\000M\000O\000C\000\137\000L\000I\000T\000E\000R\000A\000L}{subsection.10.2.1}% 215
\BOOKMARK [2][-]{subsection.10.2.2}{\376\377\000V\000a\000r\000i\000a\000b\000l\000e\000\040\000D\000o\000c\000u\000m\000e\000n\000t\000a\000t\000i\000o\000n}{section.10.2}% 216
\BOOKMARK [3][-]{subsubsection.10.2.2.1}{\376\377\000q\000t\000\137\000m\000e\000t\000a\000\137\000d\000a\000t\000a\000\137\000F\000o\000o}{subsection.10.2.2}% 217
\BOOKMARK [3][-]{subsubsection.10.2.2.2}{\376\377\000q\000t\000\137\000m\000e\000t\000a\000\137\000s\000t\000r\000i\000n\000g\000d\000a\000t\000a\000\137\000F\000o\000o}{subsection.10.2.2}% 218
\BOOKMARK [1][-]{section.10.3}{\376\377\000b\000u\000i\000l\000d\000-\000m\000u\000l\000t\000i\000m\000e\000t\000e\000r\000G\000U\000I\000-\000D\000e\000s\000k\000t\000o\000p\000-\000D\000e\000b\000u\000g\000/\000m\000o\000c\000\137\000l\000c\000d\000.\000c\000p\000p\000\040\000F\000i\000l\000e\000\040\000R\000e\000f\000e\000r\000e\000n\000c\000e}{chapter.10}% 219
\BOOKMARK [2][-]{subsection.10.3.1}{\376\377\000M\000a\000c\000r\000o\000\040\000D\000e\000f\000i\000n\000i\000t\000i\000o\000n\000\040\000D\000o\000c\000u\000m\000e\000n\000t\000a\000t\000i\000o\000n}{section.10.3}% 220
\BOOKMARK [3][-]{subsubsection.10.3.1.1}{\376\377\000Q\000T\000\137\000M\000O\000C\000\137\000L\000I\000T\000E\000R\000A\000L}{subsection.10.3.1}% 221
\BOOKMARK [2][-]{subsection.10.3.2}{\376\377\000V\000a\000r\000i\000a\000b\000l\000e\000\040\000D\000o\000c\000u\000m\000e\000n\000t\000a\000t\000i\000o\000n}{section.10.3}% 222
\BOOKMARK [3][-]{subsubsection.10.3.2.1}{\376\377\000q\000t\000\137\000m\000e\000t\000a\000\137\000d\000a\000t\000a\000\137\000L\000C\000D}{subsection.10.3.2}% 223
\BOOKMARK [3][-]{subsubsection.10.3.2.2}{\376\377\000q\000t\000\137\000m\000e\000t\000a\000\137\000s\000t\000r\000i\000n\000g\000d\000a\000t\000a\000\137\000L\000C\000D}{subsection.10.3.2}% 224
\BOOKMARK [1][-]{section.10.4}{\376\377\000b\000u\000i\000l\000d\000-\000m\000u\000l\000t\000i\000m\000e\000t\000e\000r\000G\000U\000I\000-\000D\000e\000s\000k\000t\000o\000p\000-\000D\000e\000b\000u\000g\000/\000m\000o\000c\000\137\000l\000c\000d\000s\000c\000r\000e\000e\000n\000.\000c\000p\000p\000\040\000F\000i\000l\000e\000\040\000R\000e\000f\000e\000r\000e\000n\000c\000e}{chapter.10}% 225
\BOOKMARK [2][-]{subsection.10.4.1}{\376\377\000M\000a\000c\000r\000o\000\040\000D\000e\000f\000i\000n\000i\000t\000i\000o\000n\000\040\000D\000o\000c\000u\000m\000e\000n\000t\000a\000t\000i\000o\000n}{section.10.4}% 226
\BOOKMARK [3][-]{subsubsection.10.4.1.1}{\376\377\000Q\000T\000\137\000M\000O\000C\000\137\000L\000I\000T\000E\000R\000A\000L}{subsection.10.4.1}% 227
\BOOKMARK [2][-]{subsection.10.4.2}{\376\377\000V\000a\000r\000i\000a\000b\000l\000e\000\040\000D\000o\000c\000u\000m\000e\000n\000t\000a\000t\000i\000o\000n}{section.10.4}% 228
\BOOKMARK [3][-]{subsubsection.10.4.2.1}{\376\377\000q\000t\000\137\000m\000e\000t\000a\000\137\000d\000a\000t\000a\000\137\000L\000C\000D\000s\000c\000r\000e\000e\000n}{subsection.10.4.2}% 229
\BOOKMARK [3][-]{subsubsection.10.4.2.2}{\376\377\000q\000t\000\137\000m\000e\000t\000a\000\137\000s\000t\000r\000i\000n\000g\000d\000a\000t\000a\000\137\000L\000C\000D\000s\000c\000r\000e\000e\000n}{subsection.10.4.2}% 230
\BOOKMARK [1][-]{section.10.5}{\376\377\000b\000u\000i\000l\000d\000-\000m\000u\000l\000t\000i\000m\000e\000t\000e\000r\000G\000U\000I\000-\000D\000e\000s\000k\000t\000o\000p\000-\000D\000e\000b\000u\000g\000/\000m\000o\000c\000\137\000m\000a\000i\000n\000w\000i\000n\000d\000o\000w\000.\000c\000p\000p\000\040\000F\000i\000l\000e\000\040\000R\000e\000f\000e\000r\000e\000n\000c\000e}{chapter.10}% 231
\BOOKMARK [2][-]{subsection.10.5.1}{\376\377\000M\000a\000c\000r\000o\000\040\000D\000e\000f\000i\000n\000i\000t\000i\000o\000n\000\040\000D\000o\000c\000u\000m\000e\000n\000t\000a\000t\000i\000o\000n}{section.10.5}% 232
\BOOKMARK [3][-]{subsubsection.10.5.1.1}{\376\377\000Q\000T\000\137\000M\000O\000C\000\137\000L\000I\000T\000E\000R\000A\000L}{subsection.10.5.1}% 233
\BOOKMARK [2][-]{subsection.10.5.2}{\376\377\000V\000a\000r\000i\000a\000b\000l\000e\000\040\000D\000o\000c\000u\000m\000e\000n\000t\000a\000t\000i\000o\000n}{section.10.5}% 234
\BOOKMARK [3][-]{subsubsection.10.5.2.1}{\376\377\000q\000t\000\137\000m\000e\000t\000a\000\137\000d\000a\000t\000a\000\137\000M\000a\000i\000n\000W\000i\000n\000d\000o\000w}{subsection.10.5.2}% 235
\BOOKMARK [3][-]{subsubsection.10.5.2.2}{\376\377\000q\000t\000\137\000m\000e\000t\000a\000\137\000s\000t\000r\000i\000n\000g\000d\000a\000t\000a\000\137\000M\000a\000i\000n\000W\000i\000n\000d\000o\000w}{subsection.10.5.2}% 236
\BOOKMARK [1][-]{section.10.6}{\376\377\000b\000u\000i\000l\000d\000-\000m\000u\000l\000t\000i\000m\000e\000t\000e\000r\000G\000U\000I\000-\000D\000e\000s\000k\000t\000o\000p\000-\000D\000e\000b\000u\000g\000/\000m\000o\000c\000\137\000p\000l\000o\000t\000g\000r\000a\000p\000h\000.\000c\000p\000p\000\040\000F\000i\000l\000e\000\040\000R\000e\000f\000e\000r\000e\000n\000c\000e}{chapter.10}% 237
\BOOKMARK [2][-]{subsection.10.6.1}{\376\377\000M\000a\000c\000r\000o\000\040\000D\000e\000f\000i\000n\000i\000t\000i\000o\000n\000\040\000D\000o\000c\000u\000m\000e\000n\000t\000a\000t\000i\000o\000n}{section.10.6}% 238
\BOOKMARK [3][-]{subsubsection.10.6.1.1}{\376\377\000Q\000T\000\137\000M\000O\000C\000\137\000L\000I\000T\000E\000R\000A\000L}{subsection.10.6.1}% 239
\BOOKMARK [2][-]{subsection.10.6.2}{\376\377\000V\000a\000r\000i\000a\000b\000l\000e\000\040\000D\000o\000c\000u\000m\000e\000n\000t\000a\000t\000i\000o\000n}{section.10.6}% 240
\BOOKMARK [3][-]{subsubsection.10.6.2.1}{\376\377\000q\000t\000\137\000m\000e\000t\000a\000\137\000d\000a\000t\000a\000\137\000p\000l\000o\000t\000G\000r\000a\000p\000h}{subsection.10.6.2}% 241
\BOOKMARK [3][-]{subsubsection.10.6.2.2}{\376\377\000q\000t\000\137\000m\000e\000t\000a\000\137\000s\000t\000r\000i\000n\000g\000d\000a\000t\000a\000\137\000p\000l\000o\000t\000G\000r\000a\000p\000h}{subsection.10.6.2}% 242
\BOOKMARK [1][-]{section.10.7}{\376\377\000b\000u\000i\000l\000d\000-\000m\000u\000l\000t\000i\000m\000e\000t\000e\000r\000G\000U\000I\000-\000D\000e\000s\000k\000t\000o\000p\000-\000D\000e\000b\000u\000g\000/\000m\000o\000c\000\137\000r\000s\0002\0002\0008\0001\0002\000.\000c\000p\000p\000\040\000F\000i\000l\000e\000\040\000R\000e\000f\000e\000r\000e\000n\000c\000e}{chapter.10}% 243
\BOOKMARK [2][-]{subsection.10.7.1}{\376\377\000M\000a\000c\000r\000o\000\040\000D\000e\000f\000i\000n\000i\000t\000i\000o\000n\000\040\000D\000o\000c\000u\000m\000e\000n\000t\000a\000t\000i\000o\000n}{section.10.7}% 244
\BOOKMARK [3][-]{subsubsection.10.7.1.1}{\376\377\000Q\000T\000\137\000M\000O\000C\000\137\000L\000I\000T\000E\000R\000A\000L}{subsection.10.7.1}% 245
\BOOKMARK [2][-]{subsection.10.7.2}{\376\377\000V\000a\000r\000i\000a\000b\000l\000e\000\040\000D\000o\000c\000u\000m\000e\000n\000t\000a\000t\000i\000o\000n}{section.10.7}% 246
\BOOKMARK [3][-]{subsubsection.10.7.2.1}{\376\377\000q\000t\000\137\000m\000e\000t\000a\000\137\000d\000a\000t\000a\000\137\000R\000S\0002\0002\0008\0001\0002}{subsection.10.7.2}% 247
\BOOKMARK [3][-]{subsubsection.10.7.2.2}{\376\377\000q\000t\000\137\000m\000e\000t\000a\000\137\000s\000t\000r\000i\000n\000g\000d\000a\000t\000a\000\137\000R\000S\0002\0002\0008\0001\0002}{subsection.10.7.2}% 248
\BOOKMARK [1][-]{section.10.8}{\376\377\000b\000u\000i\000l\000d\000-\000m\000u\000l\000t\000i\000m\000e\000t\000e\000r\000G\000U\000I\000-\000D\000e\000s\000k\000t\000o\000p\000-\000D\000e\000b\000u\000g\000/\000m\000o\000c\000\137\000s\000e\000r\000i\000a\000l\000p\000o\000r\000t\000.\000c\000p\000p\000\040\000F\000i\000l\000e\000\040\000R\000e\000f\000e\000r\000e\000n\000c\000e}{chapter.10}% 249
\BOOKMARK [2][-]{subsection.10.8.1}{\376\377\000M\000a\000c\000r\000o\000\040\000D\000e\000f\000i\000n\000i\000t\000i\000o\000n\000\040\000D\000o\000c\000u\000m\000e\000n\000t\000a\000t\000i\000o\000n}{section.10.8}% 250
\BOOKMARK [3][-]{subsubsection.10.8.1.1}{\376\377\000Q\000T\000\137\000M\000O\000C\000\137\000L\000I\000T\000E\000R\000A\000L}{subsection.10.8.1}% 251
\BOOKMARK [2][-]{subsection.10.8.2}{\376\377\000V\000a\000r\000i\000a\000b\000l\000e\000\040\000D\000o\000c\000u\000m\000e\000n\000t\000a\000t\000i\000o\000n}{section.10.8}% 252
\BOOKMARK [3][-]{subsubsection.10.8.2.1}{\376\377\000q\000t\000\137\000m\000e\000t\000a\000\137\000d\000a\000t\000a\000\137\000S\000e\000r\000i\000a\000l\000P\000o\000r\000t}{subsection.10.8.2}% 253
\BOOKMARK [3][-]{subsubsection.10.8.2.2}{\376\377\000q\000t\000\137\000m\000e\000t\000a\000\137\000s\000t\000r\000i\000n\000g\000d\000a\000t\000a\000\137\000S\000e\000r\000i\000a\000l\000P\000o\000r\000t}{subsection.10.8.2}% 254
\BOOKMARK [1][-]{section.10.9}{\376\377\000b\000u\000i\000l\000d\000-\000m\000u\000l\000t\000i\000m\000e\000t\000e\000r\000G\000U\000I\000-\000D\000e\000s\000k\000t\000o\000p\000-\000D\000e\000b\000u\000g\000/\000u\000i\000\137\000m\000a\000i\000n\000w\000i\000n\000d\000o\000w\000.\000h\000\040\000F\000i\000l\000e\000\040\000R\000e\000f\000e\000r\000e\000n\000c\000e}{chapter.10}% 255
\BOOKMARK [1][-]{section.10.10}{\376\377\000l\000c\000d\000.\000c\000p\000p\000\040\000F\000i\000l\000e\000\040\000R\000e\000f\000e\000r\000e\000n\000c\000e}{chapter.10}% 256
\BOOKMARK [1][-]{section.10.11}{\376\377\000l\000c\000d\000.\000h\000\040\000F\000i\000l\000e\000\040\000R\000e\000f\000e\000r\000e\000n\000c\000e}{chapter.10}% 257
\BOOKMARK [1][-]{section.10.12}{\376\377\000m\000a\000i\000n\000.\000c\000p\000p\000\040\000F\000i\000l\000e\000\040\000R\000e\000f\000e\000r\000e\000n\000c\000e}{chapter.10}% 258
\BOOKMARK [2][-]{subsection.10.12.1}{\376\377\000F\000u\000n\000c\000t\000i\000o\000n\000\040\000D\000o\000c\000u\000m\000e\000n\000t\000a\000t\000i\000o\000n}{section.10.12}% 259
\BOOKMARK [3][-]{subsubsection.10.12.1.1}{\376\377\000m\000a\000i\000n}{subsection.10.12.1}% 260
\BOOKMARK [1][-]{section.10.13}{\376\377\000m\000a\000i\000n\000w\000i\000n\000d\000o\000w\000.\000c\000p\000p\000\040\000F\000i\000l\000e\000\040\000R\000e\000f\000e\000r\000e\000n\000c\000e}{chapter.10}% 261
\BOOKMARK [1][-]{section.10.14}{\376\377\000m\000a\000i\000n\000w\000i\000n\000d\000o\000w\000.\000h\000\040\000F\000i\000l\000e\000\040\000R\000e\000f\000e\000r\000e\000n\000c\000e}{chapter.10}% 262
\BOOKMARK [1][-]{section.10.15}{\376\377\000p\000l\000o\000t\000g\000r\000a\000p\000h\000.\000c\000p\000p\000\040\000F\000i\000l\000e\000\040\000R\000e\000f\000e\000r\000e\000n\000c\000e}{chapter.10}% 263
\BOOKMARK [1][-]{section.10.16}{\376\377\000p\000l\000o\000t\000g\000r\000a\000p\000h\000.\000h\000\040\000F\000i\000l\000e\000\040\000R\000e\000f\000e\000r\000e\000n\000c\000e}{chapter.10}% 264
\BOOKMARK [1][-]{section.10.17}{\376\377\000R\000E\000A\000D\000M\000E\000.\000m\000d\000\040\000F\000i\000l\000e\000\040\000R\000e\000f\000e\000r\000e\000n\000c\000e}{chapter.10}% 265
\BOOKMARK [1][-]{section.10.18}{\376\377\000r\000s\0002\0002\0008\0001\0002\000.\000c\000p\000p\000\040\000F\000i\000l\000e\000\040\000R\000e\000f\000e\000r\000e\000n\000c\000e}{chapter.10}% 266
\BOOKMARK [1][-]{section.10.19}{\376\377\000r\000s\0002\0002\0008\0001\0002\000.\000h\000\040\000F\000i\000l\000e\000\040\000R\000e\000f\000e\000r\000e\000n\000c\000e}{chapter.10}% 267
\BOOKMARK [1][-]{section.10.20}{\376\377\000s\000e\000r\000i\000a\000l\000p\000o\000r\000t\000.\000c\000p\000p\000\040\000F\000i\000l\000e\000\040\000R\000e\000f\000e\000r\000e\000n\000c\000e}{chapter.10}% 268
\BOOKMARK [1][-]{section.10.21}{\376\377\000s\000e\000r\000i\000a\000l\000p\000o\000r\000t\000.\000h\000\040\000F\000i\000l\000e\000\040\000R\000e\000f\000e\000r\000e\000n\000c\000e}{chapter.10}% 269
\BOOKMARK [0][-]{section*.65}{\376\377\000I\000n\000d\000e\000x}{}% 270
