This is pdfTeX, Version 3.1415926-2.5-1.40.14 (TeX Live 2013/TeX Live for SUSE Linux) (format=pdflatex 2016.1.13)  8 MAY 2016 10:57
entering extended mode
 restricted \write18 enabled.
 %&-line parsing enabled.
**refman
(./refman.tex
LaTeX2e <2011/06/27>
Babel <3.9f> and hyphenation patterns for 78 languages loaded.
(/usr/share/texmf/tex/latex/base/book.cls
Document Class: book 2007/10/19 v1.4h Standard LaTeX document class
(/usr/share/texmf/tex/latex/base/bk10.clo
File: bk10.clo 2007/10/19 v1.4h Standard LaTeX file (size option)
)
\c@part=\count79
\c@chapter=\count80
\c@section=\count81
\c@subsection=\count82
\c@subsubsection=\count83
\c@paragraph=\count84
\c@subparagraph=\count85
\c@figure=\count86
\c@table=\count87
\abovecaptionskip=\skip41
\belowcaptionskip=\skip42
\bibindent=\dimen102
)
(/usr/share/texmf/tex/latex/tools/calc.sty
Package: calc 2007/08/22 v4.3 Infix arithmetic (KKT,FJ)
\calc@Acount=\count88
\calc@Bcount=\count89
\calc@Adimen=\dimen103
\calc@Bdimen=\dimen104
\calc@Askip=\skip43
\calc@Bskip=\skip44
LaTeX Info: Redefining \setlength on input line 76.
LaTeX Info: Redefining \addtolength on input line 77.
\calc@Ccount=\count90
\calc@Cskip=\skip45
) (./doxygen.sty
Package: doxygen 

(/usr/share/texmf/tex/latex/base/alltt.sty
Package: alltt 1997/06/16 v2.0g defines alltt environment
)
(/usr/share/texmf/tex/latex/tools/array.sty
Package: array 2008/09/09 v2.4c Tabular extension package (FMi)
\col@sep=\dimen105
\extrarowheight=\dimen106
\NC@list=\toks14
\extratabsurround=\skip46
\backup@length=\skip47
)
(/usr/share/texmf/tex/latex/float/float.sty
Package: float 2001/11/08 v1.3d Float enhancements (AL)
\c@float@type=\count91
\float@exts=\toks15
\float@box=\box26
\@float@everytoks=\toks16
\@floatcapt=\box27
)
(/usr/share/texmf/tex/latex/base/ifthen.sty
Package: ifthen 2001/05/26 v1.1c Standard LaTeX ifthen package (DPC)
)
(/usr/share/texmf/tex/latex/tools/verbatim.sty
Package: verbatim 2003/08/22 v1.5q LaTeX2e package for verbatim enhancements
\every@verbatim=\toks17
\verbatim@line=\toks18
\verbatim@in@stream=\read1
)
(/usr/share/texmf/tex/latex/xcolor/xcolor.sty
Package: xcolor 2007/01/21 v2.11 LaTeX color extensions (UK)

(/usr/share/texmf/tex/latex/latexconfig/color.cfg
File: color.cfg 2007/01/18 v1.5 color configuration of teTeX/TeXLive
)
Package xcolor Info: Driver file: pdftex.def on input line 225.

(/usr/share/texmf/tex/latex/pdftex-def/pdftex.def
File: pdftex.def 2011/05/27 v0.06d Graphics/color for pdfTeX

(/usr/share/texmf/tex/generic/oberdiek/infwarerr.sty
Package: infwarerr 2010/04/08 v1.3 Providing info/warning/error messages (HO)
)
(/usr/share/texmf/tex/generic/oberdiek/ltxcmds.sty
Package: ltxcmds 2011/11/09 v1.22 LaTeX kernel commands for general use (HO)
)
\Gread@gobject=\count92
)
(/usr/share/texmf/tex/latex/colortbl/colortbl.sty
Package: colortbl 2012/02/13 v1.0a Color table columns (DPC)
\everycr=\toks19
\minrowclearance=\skip48
)
\rownum=\count93
Package xcolor Info: Model `cmy' substituted by `cmy0' on input line 1337.
Package xcolor Info: Model `hsb' substituted by `rgb' on input line 1341.
Package xcolor Info: Model `RGB' extended on input line 1353.
Package xcolor Info: Model `HTML' substituted by `rgb' on input line 1355.
Package xcolor Info: Model `Hsb' substituted by `hsb' on input line 1356.
Package xcolor Info: Model `tHsb' substituted by `hsb' on input line 1357.
Package xcolor Info: Model `HSB' substituted by `hsb' on input line 1358.
Package xcolor Info: Model `Gray' substituted by `gray' on input line 1359.
Package xcolor Info: Model `wave' substituted by `hsb' on input line 1360.
)
(/usr/share/texmf/tex/latex/xtab/xtab.sty
Package: xtab 2011/07/31 v2.3f Extended supertabular package
\c@tracingst=\count94
\PWSTcapht=\dimen107
\ST@wd=\dimen108
\ST@rightskip=\skip49
\ST@leftskip=\skip50
\ST@parfillskip=\skip51
\c@PWSTtable=\count95
\PWSTlastpage=\count96
\PWSTpenultimate=\count97
\PWSTcurpage=\count98
\PWSTtempc=\count99
\PWSTlines=\count100
\PWST@lastht=\dimen109
\PWST@generalht=\dimen110
\PWST@ht=\dimen111
\ST@pageleft=\dimen112
\ST@headht=\dimen113
\ST@tailht=\dimen114
\ST@pagesofar=\dimen115
\ST@pboxht=\dimen116
\ST@lineht=\dimen117
\ST@stretchht=\dimen118
\ST@prevht=\dimen119
\ST@toadd=\dimen120
\ST@dimen=\dimen121
\ST@pbox=\box28
)
\xrefbox=\box29
\xreflength=\skip52
\tmplength=\skip53
)
(/usr/share/texmf/tex/latex/graphics/graphicx.sty
Package: graphicx 1999/02/16 v1.0f Enhanced LaTeX Graphics (DPC,SPQR)

(/usr/share/texmf/tex/latex/graphics/keyval.sty
Package: keyval 1999/03/16 v1.13 key=value parser (DPC)
\KV@toks@=\toks20
)
(/usr/share/texmf/tex/latex/graphics/graphics.sty
Package: graphics 2009/02/05 v1.0o Standard LaTeX Graphics (DPC,SPQR)

(/usr/share/texmf/tex/latex/graphics/trig.sty
Package: trig 1999/03/16 v1.09 sin cos tan (DPC)
)
(/usr/share/texmf/tex/latex/latexconfig/graphics.cfg
File: graphics.cfg 2010/04/23 v1.9 graphics configuration of TeX Live
)
Package graphics Info: Driver file: pdftex.def on input line 91.
)
\Gin@req@height=\dimen122
\Gin@req@width=\dimen123
)
(/usr/share/texmf/tex/latex/base/inputenc.sty
Package: inputenc 2008/03/30 v1.1d Input encoding file
\inpenc@prehook=\toks21
\inpenc@posthook=\toks22

(/usr/share/texmf/tex/latex/base/utf8.def
File: utf8.def 2008/04/05 v1.1m UTF-8 support for inputenc
Now handling font encoding OML ...
... no UTF-8 mapping file for font encoding OML
Now handling font encoding T1 ...
... processing UTF-8 mapping file for font encoding T1

(/usr/share/texmf/tex/latex/base/t1enc.dfu
File: t1enc.dfu 2008/04/05 v1.1m UTF-8 support for inputenc
   defining Unicode char U+00A1 (decimal 161)
   defining Unicode char U+00A3 (decimal 163)
   defining Unicode char U+00AB (decimal 171)
   defining Unicode char U+00BB (decimal 187)
   defining Unicode char U+00BF (decimal 191)
   defining Unicode char U+00C0 (decimal 192)
   defining Unicode char U+00C1 (decimal 193)
   defining Unicode char U+00C2 (decimal 194)
   defining Unicode char U+00C3 (decimal 195)
   defining Unicode char U+00C4 (decimal 196)
   defining Unicode char U+00C5 (decimal 197)
   defining Unicode char U+00C6 (decimal 198)
   defining Unicode char U+00C7 (decimal 199)
   defining Unicode char U+00C8 (decimal 200)
   defining Unicode char U+00C9 (decimal 201)
   defining Unicode char U+00CA (decimal 202)
   defining Unicode char U+00CB (decimal 203)
   defining Unicode char U+00CC (decimal 204)
   defining Unicode char U+00CD (decimal 205)
   defining Unicode char U+00CE (decimal 206)
   defining Unicode char U+00CF (decimal 207)
   defining Unicode char U+00D0 (decimal 208)
   defining Unicode char U+00D1 (decimal 209)
   defining Unicode char U+00D2 (decimal 210)
   defining Unicode char U+00D3 (decimal 211)
   defining Unicode char U+00D4 (decimal 212)
   defining Unicode char U+00D5 (decimal 213)
   defining Unicode char U+00D6 (decimal 214)
   defining Unicode char U+00D8 (decimal 216)
   defining Unicode char U+00D9 (decimal 217)
   defining Unicode char U+00DA (decimal 218)
   defining Unicode char U+00DB (decimal 219)
   defining Unicode char U+00DC (decimal 220)
   defining Unicode char U+00DD (decimal 221)
   defining Unicode char U+00DE (decimal 222)
   defining Unicode char U+00DF (decimal 223)
   defining Unicode char U+00E0 (decimal 224)
   defining Unicode char U+00E1 (decimal 225)
   defining Unicode char U+00E2 (decimal 226)
   defining Unicode char U+00E3 (decimal 227)
   defining Unicode char U+00E4 (decimal 228)
   defining Unicode char U+00E5 (decimal 229)
   defining Unicode char U+00E6 (decimal 230)
   defining Unicode char U+00E7 (decimal 231)
   defining Unicode char U+00E8 (decimal 232)
   defining Unicode char U+00E9 (decimal 233)
   defining Unicode char U+00EA (decimal 234)
   defining Unicode char U+00EB (decimal 235)
   defining Unicode char U+00EC (decimal 236)
   defining Unicode char U+00ED (decimal 237)
   defining Unicode char U+00EE (decimal 238)
   defining Unicode char U+00EF (decimal 239)
   defining Unicode char U+00F0 (decimal 240)
   defining Unicode char U+00F1 (decimal 241)
   defining Unicode char U+00F2 (decimal 242)
   defining Unicode char U+00F3 (decimal 243)
   defining Unicode char U+00F4 (decimal 244)
   defining Unicode char U+00F5 (decimal 245)
   defining Unicode char U+00F6 (decimal 246)
   defining Unicode char U+00F8 (decimal 248)
   defining Unicode char U+00F9 (decimal 249)
   defining Unicode char U+00FA (decimal 250)
   defining Unicode char U+00FB (decimal 251)
   defining Unicode char U+00FC (decimal 252)
   defining Unicode char U+00FD (decimal 253)
   defining Unicode char U+00FE (decimal 254)
   defining Unicode char U+00FF (decimal 255)
   defining Unicode char U+0102 (decimal 258)
   defining Unicode char U+0103 (decimal 259)
   defining Unicode char U+0104 (decimal 260)
   defining Unicode char U+0105 (decimal 261)
   defining Unicode char U+0106 (decimal 262)
   defining Unicode char U+0107 (decimal 263)
   defining Unicode char U+010C (decimal 268)
   defining Unicode char U+010D (decimal 269)
   defining Unicode char U+010E (decimal 270)
   defining Unicode char U+010F (decimal 271)
   defining Unicode char U+0110 (decimal 272)
   defining Unicode char U+0111 (decimal 273)
   defining Unicode char U+0118 (decimal 280)
   defining Unicode char U+0119 (decimal 281)
   defining Unicode char U+011A (decimal 282)
   defining Unicode char U+011B (decimal 283)
   defining Unicode char U+011E (decimal 286)
   defining Unicode char U+011F (decimal 287)
   defining Unicode char U+0130 (decimal 304)
   defining Unicode char U+0131 (decimal 305)
   defining Unicode char U+0132 (decimal 306)
   defining Unicode char U+0133 (decimal 307)
   defining Unicode char U+0139 (decimal 313)
   defining Unicode char U+013A (decimal 314)
   defining Unicode char U+013D (decimal 317)
   defining Unicode char U+013E (decimal 318)
   defining Unicode char U+0141 (decimal 321)
   defining Unicode char U+0142 (decimal 322)
   defining Unicode char U+0143 (decimal 323)
   defining Unicode char U+0144 (decimal 324)
   defining Unicode char U+0147 (decimal 327)
   defining Unicode char U+0148 (decimal 328)
   defining Unicode char U+014A (decimal 330)
   defining Unicode char U+014B (decimal 331)
   defining Unicode char U+0150 (decimal 336)
   defining Unicode char U+0151 (decimal 337)
   defining Unicode char U+0152 (decimal 338)
   defining Unicode char U+0153 (decimal 339)
   defining Unicode char U+0154 (decimal 340)
   defining Unicode char U+0155 (decimal 341)
   defining Unicode char U+0158 (decimal 344)
   defining Unicode char U+0159 (decimal 345)
   defining Unicode char U+015A (decimal 346)
   defining Unicode char U+015B (decimal 347)
   defining Unicode char U+015E (decimal 350)
   defining Unicode char U+015F (decimal 351)
   defining Unicode char U+0160 (decimal 352)
   defining Unicode char U+0161 (decimal 353)
   defining Unicode char U+0162 (decimal 354)
   defining Unicode char U+0163 (decimal 355)
   defining Unicode char U+0164 (decimal 356)
   defining Unicode char U+0165 (decimal 357)
   defining Unicode char U+016E (decimal 366)
   defining Unicode char U+016F (decimal 367)
   defining Unicode char U+0170 (decimal 368)
   defining Unicode char U+0171 (decimal 369)
   defining Unicode char U+0178 (decimal 376)
   defining Unicode char U+0179 (decimal 377)
   defining Unicode char U+017A (decimal 378)
   defining Unicode char U+017B (decimal 379)
   defining Unicode char U+017C (decimal 380)
   defining Unicode char U+017D (decimal 381)
   defining Unicode char U+017E (decimal 382)
   defining Unicode char U+200C (decimal 8204)
   defining Unicode char U+2013 (decimal 8211)
   defining Unicode char U+2014 (decimal 8212)
   defining Unicode char U+2018 (decimal 8216)
   defining Unicode char U+2019 (decimal 8217)
   defining Unicode char U+201A (decimal 8218)
   defining Unicode char U+201C (decimal 8220)
   defining Unicode char U+201D (decimal 8221)
   defining Unicode char U+201E (decimal 8222)
   defining Unicode char U+2030 (decimal 8240)
   defining Unicode char U+2031 (decimal 8241)
   defining Unicode char U+2039 (decimal 8249)
   defining Unicode char U+203A (decimal 8250)
   defining Unicode char U+2423 (decimal 9251)
)
Now handling font encoding OT1 ...
... processing UTF-8 mapping file for font encoding OT1

(/usr/share/texmf/tex/latex/base/ot1enc.dfu
File: ot1enc.dfu 2008/04/05 v1.1m UTF-8 support for inputenc
   defining Unicode char U+00A1 (decimal 161)
   defining Unicode char U+00A3 (decimal 163)
   defining Unicode char U+00B8 (decimal 184)
   defining Unicode char U+00BF (decimal 191)
   defining Unicode char U+00C5 (decimal 197)
   defining Unicode char U+00C6 (decimal 198)
   defining Unicode char U+00D8 (decimal 216)
   defining Unicode char U+00DF (decimal 223)
   defining Unicode char U+00E6 (decimal 230)
   defining Unicode char U+00EC (decimal 236)
   defining Unicode char U+00ED (decimal 237)
   defining Unicode char U+00EE (decimal 238)
   defining Unicode char U+00EF (decimal 239)
   defining Unicode char U+00F8 (decimal 248)
   defining Unicode char U+0131 (decimal 305)
   defining Unicode char U+0141 (decimal 321)
   defining Unicode char U+0142 (decimal 322)
   defining Unicode char U+0152 (decimal 338)
   defining Unicode char U+0153 (decimal 339)
   defining Unicode char U+2013 (decimal 8211)
   defining Unicode char U+2014 (decimal 8212)
   defining Unicode char U+2018 (decimal 8216)
   defining Unicode char U+2019 (decimal 8217)
   defining Unicode char U+201C (decimal 8220)
   defining Unicode char U+201D (decimal 8221)
)
Now handling font encoding OMS ...
... processing UTF-8 mapping file for font encoding OMS

(/usr/share/texmf/tex/latex/base/omsenc.dfu
File: omsenc.dfu 2008/04/05 v1.1m UTF-8 support for inputenc
   defining Unicode char U+00A7 (decimal 167)
   defining Unicode char U+00B6 (decimal 182)
   defining Unicode char U+00B7 (decimal 183)
   defining Unicode char U+2020 (decimal 8224)
   defining Unicode char U+2021 (decimal 8225)
   defining Unicode char U+2022 (decimal 8226)
)
Now handling font encoding OMX ...
... no UTF-8 mapping file for font encoding OMX
Now handling font encoding U ...
... no UTF-8 mapping file for font encoding U
   defining Unicode char U+00A9 (decimal 169)
   defining Unicode char U+00AA (decimal 170)
   defining Unicode char U+00AE (decimal 174)
   defining Unicode char U+00BA (decimal 186)
   defining Unicode char U+02C6 (decimal 710)
   defining Unicode char U+02DC (decimal 732)
   defining Unicode char U+200C (decimal 8204)
   defining Unicode char U+2026 (decimal 8230)
   defining Unicode char U+2122 (decimal 8482)
   defining Unicode char U+2423 (decimal 9251)
))
(/usr/share/texmf/tex/latex/base/makeidx.sty
Package: makeidx 2000/03/29 v1.0m Standard LaTeX package
)
(/usr/share/texmf/tex/latex/tools/multicol.sty
Package: multicol 2011/06/27 v1.7a multicolumn formatting (FMi)
\c@tracingmulticols=\count101
\mult@box=\box30
\multicol@leftmargin=\dimen124
\c@unbalance=\count102
\c@collectmore=\count103
\doublecol@number=\count104
\multicoltolerance=\count105
\multicolpretolerance=\count106
\full@width=\dimen125
\page@free=\dimen126
\premulticols=\dimen127
\postmulticols=\dimen128
\multicolsep=\skip54
\multicolbaselineskip=\skip55
\partial@page=\box31
\last@line=\box32
\mult@rightbox=\box33
\mult@grightbox=\box34
\mult@gfirstbox=\box35
\mult@firstbox=\box36
\@tempa=\box37
\@tempa=\box38
\@tempa=\box39
\@tempa=\box40
\@tempa=\box41
\@tempa=\box42
\@tempa=\box43
\@tempa=\box44
\@tempa=\box45
\@tempa=\box46
\@tempa=\box47
\@tempa=\box48
\@tempa=\box49
\@tempa=\box50
\@tempa=\box51
\@tempa=\box52
\@tempa=\box53
\c@columnbadness=\count107
\c@finalcolumnbadness=\count108
\last@try=\dimen129
\multicolovershoot=\dimen130
\multicolundershoot=\dimen131
\mult@nat@firstbox=\box54
\colbreak@box=\box55
\multicol@sort@counter=\count109
)
(/usr/share/texmf/tex/latex/multirow/multirow.sty
\bigstrutjot=\dimen132
)
(/usr/share/texmf/tex/latex/base/textcomp.sty
Package: textcomp 2005/09/27 v1.99g Standard LaTeX package
Package textcomp Info: Sub-encoding information:
(textcomp)               5 = only ISO-Adobe without \textcurrency
(textcomp)               4 = 5 + \texteuro
(textcomp)               3 = 4 + \textohm
(textcomp)               2 = 3 + \textestimated + \textcurrency
(textcomp)               1 = TS1 - \textcircled - \t
(textcomp)               0 = TS1 (full)
(textcomp)             Font families with sub-encoding setting implement
(textcomp)             only a restricted character set as indicated.
(textcomp)             Family '?' is the default used for unknown fonts.
(textcomp)             See the documentation for details.
Package textcomp Info: Setting ? sub-encoding to TS1/1 on input line 71.

(/usr/share/texmf/tex/latex/base/ts1enc.def
File: ts1enc.def 2001/06/05 v3.0e (jk/car/fm) Standard LaTeX file
Now handling font encoding TS1 ...
... processing UTF-8 mapping file for font encoding TS1

(/usr/share/texmf/tex/latex/base/ts1enc.dfu
File: ts1enc.dfu 2008/04/05 v1.1m UTF-8 support for inputenc
   defining Unicode char U+00A2 (decimal 162)
   defining Unicode char U+00A3 (decimal 163)
   defining Unicode char U+00A4 (decimal 164)
   defining Unicode char U+00A5 (decimal 165)
   defining Unicode char U+00A6 (decimal 166)
   defining Unicode char U+00A7 (decimal 167)
   defining Unicode char U+00A8 (decimal 168)
   defining Unicode char U+00A9 (decimal 169)
   defining Unicode char U+00AA (decimal 170)
   defining Unicode char U+00AC (decimal 172)
   defining Unicode char U+00AE (decimal 174)
   defining Unicode char U+00AF (decimal 175)
   defining Unicode char U+00B0 (decimal 176)
   defining Unicode char U+00B1 (decimal 177)
   defining Unicode char U+00B2 (decimal 178)
   defining Unicode char U+00B3 (decimal 179)
   defining Unicode char U+00B4 (decimal 180)
   defining Unicode char U+00B5 (decimal 181)
   defining Unicode char U+00B6 (decimal 182)
   defining Unicode char U+00B7 (decimal 183)
   defining Unicode char U+00B9 (decimal 185)
   defining Unicode char U+00BA (decimal 186)
   defining Unicode char U+00BC (decimal 188)
   defining Unicode char U+00BD (decimal 189)
   defining Unicode char U+00BE (decimal 190)
   defining Unicode char U+00D7 (decimal 215)
   defining Unicode char U+00F7 (decimal 247)
   defining Unicode char U+0192 (decimal 402)
   defining Unicode char U+02C7 (decimal 711)
   defining Unicode char U+02D8 (decimal 728)
   defining Unicode char U+02DD (decimal 733)
   defining Unicode char U+0E3F (decimal 3647)
   defining Unicode char U+2016 (decimal 8214)
   defining Unicode char U+2020 (decimal 8224)
   defining Unicode char U+2021 (decimal 8225)
   defining Unicode char U+2022 (decimal 8226)
   defining Unicode char U+2030 (decimal 8240)
   defining Unicode char U+2031 (decimal 8241)
   defining Unicode char U+203B (decimal 8251)
   defining Unicode char U+203D (decimal 8253)
   defining Unicode char U+2044 (decimal 8260)
   defining Unicode char U+204E (decimal 8270)
   defining Unicode char U+2052 (decimal 8274)
   defining Unicode char U+20A1 (decimal 8353)
   defining Unicode char U+20A4 (decimal 8356)
   defining Unicode char U+20A6 (decimal 8358)
   defining Unicode char U+20A9 (decimal 8361)
   defining Unicode char U+20AB (decimal 8363)
   defining Unicode char U+20AC (decimal 8364)
   defining Unicode char U+20B1 (decimal 8369)
   defining Unicode char U+2103 (decimal 8451)
   defining Unicode char U+2116 (decimal 8470)
   defining Unicode char U+2117 (decimal 8471)
   defining Unicode char U+211E (decimal 8478)
   defining Unicode char U+2120 (decimal 8480)
   defining Unicode char U+2122 (decimal 8482)
   defining Unicode char U+2126 (decimal 8486)
   defining Unicode char U+2127 (decimal 8487)
   defining Unicode char U+212E (decimal 8494)
   defining Unicode char U+2190 (decimal 8592)
   defining Unicode char U+2191 (decimal 8593)
   defining Unicode char U+2192 (decimal 8594)
   defining Unicode char U+2193 (decimal 8595)
   defining Unicode char U+2329 (decimal 9001)
   defining Unicode char U+232A (decimal 9002)
   defining Unicode char U+2422 (decimal 9250)
   defining Unicode char U+25E6 (decimal 9702)
   defining Unicode char U+25EF (decimal 9711)
   defining Unicode char U+266A (decimal 9834)
))
LaTeX Info: Redefining \oldstylenums on input line 266.
Package textcomp Info: Setting cmr sub-encoding to TS1/0 on input line 281.
Package textcomp Info: Setting cmss sub-encoding to TS1/0 on input line 282.
Package textcomp Info: Setting cmtt sub-encoding to TS1/0 on input line 283.
Package textcomp Info: Setting cmvtt sub-encoding to TS1/0 on input line 284.
Package textcomp Info: Setting cmbr sub-encoding to TS1/0 on input line 285.
Package textcomp Info: Setting cmtl sub-encoding to TS1/0 on input line 286.
Package textcomp Info: Setting ccr sub-encoding to TS1/0 on input line 287.
Package textcomp Info: Setting ptm sub-encoding to TS1/4 on input line 288.
Package textcomp Info: Setting pcr sub-encoding to TS1/4 on input line 289.
Package textcomp Info: Setting phv sub-encoding to TS1/4 on input line 290.
Package textcomp Info: Setting ppl sub-encoding to TS1/3 on input line 291.
Package textcomp Info: Setting pag sub-encoding to TS1/4 on input line 292.
Package textcomp Info: Setting pbk sub-encoding to TS1/4 on input line 293.
Package textcomp Info: Setting pnc sub-encoding to TS1/4 on input line 294.
Package textcomp Info: Setting pzc sub-encoding to TS1/4 on input line 295.
Package textcomp Info: Setting bch sub-encoding to TS1/4 on input line 296.
Package textcomp Info: Setting put sub-encoding to TS1/5 on input line 297.
Package textcomp Info: Setting uag sub-encoding to TS1/5 on input line 298.
Package textcomp Info: Setting ugq sub-encoding to TS1/5 on input line 299.
Package textcomp Info: Setting ul8 sub-encoding to TS1/4 on input line 300.
Package textcomp Info: Setting ul9 sub-encoding to TS1/4 on input line 301.
Package textcomp Info: Setting augie sub-encoding to TS1/5 on input line 302.
Package textcomp Info: Setting dayrom sub-encoding to TS1/3 on input line 303.
Package textcomp Info: Setting dayroms sub-encoding to TS1/3 on input line 304.

Package textcomp Info: Setting pxr sub-encoding to TS1/0 on input line 305.
Package textcomp Info: Setting pxss sub-encoding to TS1/0 on input line 306.
Package textcomp Info: Setting pxtt sub-encoding to TS1/0 on input line 307.
Package textcomp Info: Setting txr sub-encoding to TS1/0 on input line 308.
Package textcomp Info: Setting txss sub-encoding to TS1/0 on input line 309.
Package textcomp Info: Setting txtt sub-encoding to TS1/0 on input line 310.
Package textcomp Info: Setting lmr sub-encoding to TS1/0 on input line 311.
Package textcomp Info: Setting lmdh sub-encoding to TS1/0 on input line 312.
Package textcomp Info: Setting lmss sub-encoding to TS1/0 on input line 313.
Package textcomp Info: Setting lmssq sub-encoding to TS1/0 on input line 314.
Package textcomp Info: Setting lmvtt sub-encoding to TS1/0 on input line 315.
Package textcomp Info: Setting qhv sub-encoding to TS1/0 on input line 316.
Package textcomp Info: Setting qag sub-encoding to TS1/0 on input line 317.
Package textcomp Info: Setting qbk sub-encoding to TS1/0 on input line 318.
Package textcomp Info: Setting qcr sub-encoding to TS1/0 on input line 319.
Package textcomp Info: Setting qcs sub-encoding to TS1/0 on input line 320.
Package textcomp Info: Setting qpl sub-encoding to TS1/0 on input line 321.
Package textcomp Info: Setting qtm sub-encoding to TS1/0 on input line 322.
Package textcomp Info: Setting qzc sub-encoding to TS1/0 on input line 323.
Package textcomp Info: Setting qhvc sub-encoding to TS1/0 on input line 324.
Package textcomp Info: Setting futs sub-encoding to TS1/4 on input line 325.
Package textcomp Info: Setting futx sub-encoding to TS1/4 on input line 326.
Package textcomp Info: Setting futj sub-encoding to TS1/4 on input line 327.
Package textcomp Info: Setting hlh sub-encoding to TS1/3 on input line 328.
Package textcomp Info: Setting hls sub-encoding to TS1/3 on input line 329.
Package textcomp Info: Setting hlst sub-encoding to TS1/3 on input line 330.
Package textcomp Info: Setting hlct sub-encoding to TS1/5 on input line 331.
Package textcomp Info: Setting hlx sub-encoding to TS1/5 on input line 332.
Package textcomp Info: Setting hlce sub-encoding to TS1/5 on input line 333.
Package textcomp Info: Setting hlcn sub-encoding to TS1/5 on input line 334.
Package textcomp Info: Setting hlcw sub-encoding to TS1/5 on input line 335.
Package textcomp Info: Setting hlcf sub-encoding to TS1/5 on input line 336.
Package textcomp Info: Setting pplx sub-encoding to TS1/3 on input line 337.
Package textcomp Info: Setting pplj sub-encoding to TS1/3 on input line 338.
Package textcomp Info: Setting ptmx sub-encoding to TS1/4 on input line 339.
Package textcomp Info: Setting ptmj sub-encoding to TS1/4 on input line 340.
)
(/usr/share/texmf/tex/latex/base/fontenc.sty
Package: fontenc 2005/09/27 v1.99g Standard LaTeX package

(/usr/share/texmf/tex/latex/base/t1enc.def
File: t1enc.def 2005/09/27 v1.99g Standard LaTeX file
LaTeX Font Info:    Redeclaring font encoding T1 on input line 43.
))
(/usr/share/texmf/tex/latex/psnfss/mathptmx.sty
Package: mathptmx 2005/04/12 PSNFSS-v9.2a Times w/ Math, improved (SPQR, WaS) 
LaTeX Font Info:    Redeclaring symbol font `operators' on input line 28.
LaTeX Font Info:    Overwriting symbol font `operators' in version `normal'
(Font)                  OT1/cmr/m/n --> OT1/ztmcm/m/n on input line 28.
LaTeX Font Info:    Overwriting symbol font `operators' in version `bold'
(Font)                  OT1/cmr/bx/n --> OT1/ztmcm/m/n on input line 28.
LaTeX Font Info:    Redeclaring symbol font `letters' on input line 29.
LaTeX Font Info:    Overwriting symbol font `letters' in version `normal'
(Font)                  OML/cmm/m/it --> OML/ztmcm/m/it on input line 29.
LaTeX Font Info:    Overwriting symbol font `letters' in version `bold'
(Font)                  OML/cmm/b/it --> OML/ztmcm/m/it on input line 29.
LaTeX Font Info:    Redeclaring symbol font `symbols' on input line 30.
LaTeX Font Info:    Overwriting symbol font `symbols' in version `normal'
(Font)                  OMS/cmsy/m/n --> OMS/ztmcm/m/n on input line 30.
LaTeX Font Info:    Overwriting symbol font `symbols' in version `bold'
(Font)                  OMS/cmsy/b/n --> OMS/ztmcm/m/n on input line 30.
LaTeX Font Info:    Redeclaring symbol font `largesymbols' on input line 31.
LaTeX Font Info:    Overwriting symbol font `largesymbols' in version `normal'
(Font)                  OMX/cmex/m/n --> OMX/ztmcm/m/n on input line 31.
LaTeX Font Info:    Overwriting symbol font `largesymbols' in version `bold'
(Font)                  OMX/cmex/m/n --> OMX/ztmcm/m/n on input line 31.
\symbold=\mathgroup4
\symitalic=\mathgroup5
LaTeX Font Info:    Redeclaring math alphabet \mathbf on input line 34.
LaTeX Font Info:    Overwriting math alphabet `\mathbf' in version `normal'
(Font)                  OT1/cmr/bx/n --> OT1/ptm/bx/n on input line 34.
LaTeX Font Info:    Overwriting math alphabet `\mathbf' in version `bold'
(Font)                  OT1/cmr/bx/n --> OT1/ptm/bx/n on input line 34.
LaTeX Font Info:    Redeclaring math alphabet \mathit on input line 35.
LaTeX Font Info:    Overwriting math alphabet `\mathit' in version `normal'
(Font)                  OT1/cmr/m/it --> OT1/ptm/m/it on input line 35.
LaTeX Font Info:    Overwriting math alphabet `\mathit' in version `bold'
(Font)                  OT1/cmr/bx/it --> OT1/ptm/m/it on input line 35.
LaTeX Info: Redefining \hbar on input line 50.
)
(/usr/share/texmf/tex/latex/psnfss/helvet.sty
Package: helvet 2005/04/12 PSNFSS-v9.2a (WaS) 
)
(/usr/share/texmf/tex/latex/psnfss/courier.sty
Package: courier 2005/04/12 PSNFSS-v9.2a (WaS) 
)
(/usr/share/texmf/tex/latex/amsfonts/amssymb.sty
Package: amssymb 2013/01/14 v3.01 AMS font symbols

(/usr/share/texmf/tex/latex/amsfonts/amsfonts.sty
Package: amsfonts 2013/01/14 v3.01 Basic AMSFonts support
\@emptytoks=\toks23
\symAMSa=\mathgroup6
\symAMSb=\mathgroup7
LaTeX Font Info:    Overwriting math alphabet `\mathfrak' in version `bold'
(Font)                  U/euf/m/n --> U/euf/b/n on input line 106.
))
(/usr/share/texmf/tex/latex/sectsty/sectsty.sty
Package: sectsty 2002/02/25 v2.0.2 Commands to change all sectional heading sty
les
)
(/usr/share/texmf/tex/latex/geometry/geometry.sty
Package: geometry 2010/09/12 v5.6 Page Geometry

(/usr/share/texmf/tex/generic/oberdiek/ifpdf.sty
Package: ifpdf 2011/01/30 v2.3 Provides the ifpdf switch (HO)
Package ifpdf Info: pdfTeX in PDF mode is detected.
)
(/usr/share/texmf/tex/generic/oberdiek/ifvtex.sty
Package: ifvtex 2010/03/01 v1.5 Detect VTeX and its facilities (HO)
Package ifvtex Info: VTeX not detected.
)
(/usr/share/texmf/tex/generic/ifxetex/ifxetex.sty
Package: ifxetex 2010/09/12 v0.6 Provides ifxetex conditional
)
\Gm@cnth=\count110
\Gm@cntv=\count111
\c@Gm@tempcnt=\count112
\Gm@bindingoffset=\dimen133
\Gm@wd@mp=\dimen134
\Gm@odd@mp=\dimen135
\Gm@even@mp=\dimen136
\Gm@layoutwidth=\dimen137
\Gm@layoutheight=\dimen138
\Gm@layouthoffset=\dimen139
\Gm@layoutvoffset=\dimen140
\Gm@dimlist=\toks24
)
(/usr/share/texmf/tex/latex/fancyhdr/fancyhdr.sty
\fancy@headwidth=\skip56
\f@ncyO@elh=\skip57
\f@ncyO@erh=\skip58
\f@ncyO@olh=\skip59
\f@ncyO@orh=\skip60
\f@ncyO@elf=\skip61
\f@ncyO@erf=\skip62
\f@ncyO@olf=\skip63
\f@ncyO@orf=\skip64
)
(/usr/share/texmf/tex/latex/natbib/natbib.sty
Package: natbib 2010/09/13 8.31b (PWD, AO)
\bibhang=\skip65
\bibsep=\skip66
LaTeX Info: Redefining \cite on input line 694.
\c@NAT@ctr=\count113
)
(/usr/share/texmf/tex/latex/tocloft/tocloft.sty
Package: tocloft 2013/05/02 v2.3f parameterised ToC, etc., typesetting
Package tocloft Info: The document has chapter divisions on input line 44.
\cftparskip=\skip67
\cftbeforetoctitleskip=\skip68
\cftaftertoctitleskip=\skip69
\cftbeforepartskip=\skip70
\cftpartnumwidth=\skip71
\cftpartindent=\skip72
\cftbeforechapskip=\skip73
\cftchapindent=\skip74
\cftchapnumwidth=\skip75
\cftbeforesecskip=\skip76
\cftsecindent=\skip77
\cftsecnumwidth=\skip78
\cftbeforesubsecskip=\skip79
\cftsubsecindent=\skip80
\cftsubsecnumwidth=\skip81
\cftbeforesubsubsecskip=\skip82
\cftsubsubsecindent=\skip83
\cftsubsubsecnumwidth=\skip84
\cftbeforeparaskip=\skip85
\cftparaindent=\skip86
\cftparanumwidth=\skip87
\cftbeforesubparaskip=\skip88
\cftsubparaindent=\skip89
\cftsubparanumwidth=\skip90
\cftbeforeloftitleskip=\skip91
\cftafterloftitleskip=\skip92
\cftbeforefigskip=\skip93
\cftfigindent=\skip94
\cftfignumwidth=\skip95
\c@lofdepth=\count114
\c@lotdepth=\count115
\cftbeforelottitleskip=\skip96
\cftafterlottitleskip=\skip97
\cftbeforetabskip=\skip98
\cfttabindent=\skip99
\cfttabnumwidth=\skip100
)
\@indexfile=\write3
\openout3 = `refman.idx'.


Writing index file refman.idx
(/usr/share/texmf/tex/latex/hyperref/hyperref.sty
Package: hyperref 2012/11/06 v6.83m Hypertext links for LaTeX

(/usr/share/texmf/tex/generic/oberdiek/hobsub-hyperref.sty
Package: hobsub-hyperref 2012/05/28 v1.13 Bundle oberdiek, subset hyperref (HO)


(/usr/share/texmf/tex/generic/oberdiek/hobsub-generic.sty
Package: hobsub-generic 2012/05/28 v1.13 Bundle oberdiek, subset generic (HO)
Package: hobsub 2012/05/28 v1.13 Construct package bundles (HO)
Package hobsub Info: Skipping package `infwarerr' (already loaded).
Package hobsub Info: Skipping package `ltxcmds' (already loaded).
Package: ifluatex 2010/03/01 v1.3 Provides the ifluatex switch (HO)
Package ifluatex Info: LuaTeX not detected.
Package hobsub Info: Skipping package `ifvtex' (already loaded).
Package: intcalc 2007/09/27 v1.1 Expandable calculations with integers (HO)
Package hobsub Info: Skipping package `ifpdf' (already loaded).
Package: etexcmds 2011/02/16 v1.5 Avoid name clashes with e-TeX commands (HO)
Package etexcmds Info: Could not find \expanded.
(etexcmds)             That can mean that you are not using pdfTeX 1.50 or
(etexcmds)             that some package has redefined \expanded.
(etexcmds)             In the latter case, load this package earlier.
Package: kvsetkeys 2012/04/25 v1.16 Key value parser (HO)
Package: kvdefinekeys 2011/04/07 v1.3 Define keys (HO)
Package: pdftexcmds 2011/11/29 v0.20 Utility functions of pdfTeX for LuaTeX (HO
)
Package pdftexcmds Info: LuaTeX not detected.
Package pdftexcmds Info: \pdf@primitive is available.
Package pdftexcmds Info: \pdf@ifprimitive is available.
Package pdftexcmds Info: \pdfdraftmode found.
Package: pdfescape 2011/11/25 v1.13 Implements pdfTeX's escape features (HO)
Package: bigintcalc 2012/04/08 v1.3 Expandable calculations on big integers (HO
)
Package: bitset 2011/01/30 v1.1 Handle bit-vector datatype (HO)
Package: uniquecounter 2011/01/30 v1.2 Provide unlimited unique counter (HO)
)
Package hobsub Info: Skipping package `hobsub' (already loaded).
Package: letltxmacro 2010/09/02 v1.4 Let assignment for LaTeX macros (HO)
Package: hopatch 2012/05/28 v1.2 Wrapper for package hooks (HO)
Package: xcolor-patch 2011/01/30 xcolor patch
Package: atveryend 2011/06/30 v1.8 Hooks at the very end of document (HO)
Package atveryend Info: \enddocument detected (standard20110627).
Package: atbegshi 2011/10/05 v1.16 At begin shipout hook (HO)
Package: refcount 2011/10/16 v3.4 Data extraction from label references (HO)
Package: hycolor 2011/01/30 v1.7 Color options for hyperref/bookmark (HO)
)
(/usr/share/texmf/tex/latex/oberdiek/auxhook.sty
Package: auxhook 2011/03/04 v1.3 Hooks for auxiliary files (HO)
)
(/usr/share/texmf/tex/latex/oberdiek/kvoptions.sty
Package: kvoptions 2011/06/30 v3.11 Key value format for package options (HO)
)
\@linkdim=\dimen141
\Hy@linkcounter=\count116
\Hy@pagecounter=\count117

(/usr/share/texmf/tex/latex/hyperref/pd1enc.def
File: pd1enc.def 2012/11/06 v6.83m Hyperref: PDFDocEncoding definition (HO)
Now handling font encoding PD1 ...
... no UTF-8 mapping file for font encoding PD1
)
\Hy@SavedSpaceFactor=\count118

(/usr/share/texmf/tex/latex/latexconfig/hyperref.cfg
File: hyperref.cfg 2002/06/06 v1.2 hyperref configuration of TeXLive
)
Package hyperref Info: Hyper figures OFF on input line 4443.
Package hyperref Info: Link nesting OFF on input line 4448.
Package hyperref Info: Hyper index ON on input line 4451.
Package hyperref Info: Plain pages OFF on input line 4458.
Package hyperref Info: Backreferencing ON on input line 4461.
Package hyperref Info: Implicit mode ON; LaTeX internals redefined.
Package hyperref Info: Bookmarks ON on input line 4688.

(/usr/share/texmf/tex/latex/hyperref/backref.sty
Package: backref 2012/07/25 v1.38 Bibliographical back referencing

(/usr/share/texmf/tex/latex/oberdiek/rerunfilecheck.sty
Package: rerunfilecheck 2011/04/15 v1.7 Rerun checks for auxiliary files (HO)
Package uniquecounter Info: New unique counter `rerunfilecheck' on input line 2
82.
))
\c@Hy@tempcnt=\count119

(/usr/share/texmf/tex/latex/url/url.sty
\Urlmuskip=\muskip10
Package: url 2006/04/12  ver 3.3  Verb mode for urls, etc.
)
LaTeX Info: Redefining \url on input line 5041.
\XeTeXLinkMargin=\dimen142
\Fld@menulength=\count120
\Field@Width=\dimen143
\Fld@charsize=\dimen144
Package hyperref Info: Hyper figures OFF on input line 6295.
Package hyperref Info: Link nesting OFF on input line 6300.
Package hyperref Info: Hyper index ON on input line 6303.
Package hyperref Info: backreferencing ON on input line 6308.
Package hyperref Info: Link coloring OFF on input line 6315.
Package hyperref Info: Link coloring with OCG OFF on input line 6320.
Package hyperref Info: PDF/A mode OFF on input line 6325.
LaTeX Info: Redefining \ref on input line 6365.
LaTeX Info: Redefining \pageref on input line 6369.
\Hy@abspage=\count121
\c@Item=\count122
\c@Hfootnote=\count123
)

Package hyperref Message: Driver: hpdftex.

(/usr/share/texmf/tex/latex/hyperref/hpdftex.def
File: hpdftex.def 2012/11/06 v6.83m Hyperref driver for pdfTeX
\Fld@listcount=\count124
\c@bookmark@seq@number=\count125
\Hy@SectionHShift=\skip101
)
Package hyperref Info: Option `colorlinks' set `true' on input line 101.
Package hyperref Info: Option `unicode' set `true' on input line 101.

(/usr/share/texmf/tex/latex/hyperref/puenc.def
File: puenc.def 2012/11/06 v6.83m Hyperref: PDF Unicode definition (HO)
Now handling font encoding PU ...
... no UTF-8 mapping file for font encoding PU
) (./refman.aux)
\openout1 = `refman.aux'.

LaTeX Font Info:    Checking defaults for OML/cmm/m/it on input line 111.
LaTeX Font Info:    ... okay on input line 111.
LaTeX Font Info:    Checking defaults for T1/cmr/m/n on input line 111.
LaTeX Font Info:    ... okay on input line 111.
LaTeX Font Info:    Checking defaults for OT1/cmr/m/n on input line 111.
LaTeX Font Info:    ... okay on input line 111.
LaTeX Font Info:    Checking defaults for OMS/cmsy/m/n on input line 111.
LaTeX Font Info:    ... okay on input line 111.
LaTeX Font Info:    Checking defaults for OMX/cmex/m/n on input line 111.
LaTeX Font Info:    ... okay on input line 111.
LaTeX Font Info:    Checking defaults for U/cmr/m/n on input line 111.
LaTeX Font Info:    ... okay on input line 111.
LaTeX Font Info:    Checking defaults for TS1/cmr/m/n on input line 111.
LaTeX Font Info:    Try loading font information for TS1+cmr on input line 111.


(/usr/share/texmf/tex/latex/base/ts1cmr.fd
File: ts1cmr.fd 1999/05/25 v2.5h Standard LaTeX font definitions
)
LaTeX Font Info:    ... okay on input line 111.
LaTeX Font Info:    Checking defaults for PD1/pdf/m/n on input line 111.
LaTeX Font Info:    ... okay on input line 111.
LaTeX Font Info:    Checking defaults for PU/pdf/m/n on input line 111.
LaTeX Font Info:    ... okay on input line 111.
LaTeX Font Info:    Try loading font information for T1+phv on input line 111.

(/usr/share/texmf/tex/latex/psnfss/t1phv.fd
File: t1phv.fd 2001/06/04 scalable font definitions for T1/phv.
)
LaTeX Font Info:    Font shape `T1/phv/m/n' will be
(Font)              scaled to size 8.99994pt on input line 111.

(/usr/share/texmf/tex/context/base/supp-pdf.mkii
[Loading MPS to PDF converter (version 2006.09.02).]
\scratchcounter=\count126
\scratchdimen=\dimen145
\scratchbox=\box56
\nofMPsegments=\count127
\nofMParguments=\count128
\everyMPshowfont=\toks25
\MPscratchCnt=\count129
\MPscratchDim=\dimen146
\MPnumerator=\count130
\makeMPintoPDFobject=\count131
\everyMPtoPDFconversion=\toks26
) (/usr/share/texmf/tex/latex/oberdiek/epstopdf-base.sty
Package: epstopdf-base 2010/02/09 v2.5 Base part for package epstopdf

(/usr/share/texmf/tex/latex/oberdiek/grfext.sty
Package: grfext 2010/08/19 v1.1 Manage graphics extensions (HO)
)
Package grfext Info: Graphics extension search list:
(grfext)             [.png,.pdf,.jpg,.mps,.jpeg,.jbig2,.jb2,.PNG,.PDF,.JPG,.JPE
G,.JBIG2,.JB2,.eps]
(grfext)             \AppendGraphicsExtensions on input line 452.

(/usr/share/texmf/tex/latex/latexconfig/epstopdf-sys.cfg
File: epstopdf-sys.cfg 2010/07/13 v1.3 Configuration of (r)epstopdf for TeX Liv
e
))
\big@size=\dimen147

*geometry* driver: auto-detecting
*geometry* detected driver: pdftex
*geometry* verbose mode - [ preamble ] result:
* driver: pdftex
* paper: a4paper
* layout: <same size as paper>
* layoutoffset:(h,v)=(0.0pt,0.0pt)
* modes: twoside 
* h-part:(L,W,R)=(71.13188pt, 455.24411pt, 71.13188pt)
* v-part:(T,H,B)=(71.13188pt, 702.78308pt, 71.13188pt)
* \paperwidth=597.50787pt
* \paperheight=845.04684pt
* \textwidth=455.24411pt
* \textheight=702.78308pt
* \oddsidemargin=-1.1381pt
* \evensidemargin=-1.1381pt
* \topmargin=-31.2056pt
* \headheight=12.0pt
* \headsep=18.06749pt
* \topskip=10.0pt
* \footskip=25.29494pt
* \marginparwidth=125.0pt
* \marginparsep=7.0pt
* \columnsep=10.0pt
* \skip\footins=9.0pt plus 4.0pt minus 2.0pt
* \hoffset=0.0pt
* \voffset=0.0pt
* \mag=1000
* \@twocolumnfalse
* \@twosidetrue
* \@mparswitchtrue
* \@reversemarginfalse
* (1in=72.27pt=25.4mm, 1cm=28.453pt)

\AtBeginShipoutBox=\box57
Package backref Info: ** backref set up for natbib ** on input line 111.
Package hyperref Info: Link coloring ON on input line 111.
(/usr/share/texmf/tex/latex/hyperref/nameref.sty
Package: nameref 2012/10/27 v2.43 Cross-referencing by name of section

(/usr/share/texmf/tex/generic/oberdiek/gettitlestring.sty
Package: gettitlestring 2010/12/03 v1.4 Cleanup title references (HO)
)
\c@section@level=\count132
)
LaTeX Info: Redefining \ref on input line 111.
LaTeX Info: Redefining \pageref on input line 111.
LaTeX Info: Redefining \nameref on input line 111.
 (./refman.out)
(./refman.out)
\@outlinefile=\write4
\openout4 = `refman.out'.

Package hyperref Info: Option `pageanchor' set `false' on input line 114.
LaTeX Font Info:    Font shape `T1/phv/m/n' will be
(Font)              scaled to size 12.9599pt on input line 119.
LaTeX Font Info:    Font shape `T1/phv/m/n' will be
(Font)              scaled to size 10.79993pt on input line 121.
LaTeX Font Info:    Font shape `T1/phv/m/n' will be
(Font)              scaled to size 8.09995pt on input line 123.
 [1


{/usr/share/texmf/fonts/map/pdftex/updmap/pdftex.map}]
[2

]
LaTeX Font Info:    Font shape `T1/phv/m/n' will be
(Font)              scaled to size 22.39185pt on input line 127.
LaTeX Font Info:    Font shape `T1/phv/bx/n' in size <24.88> not available
(Font)              Font shape `T1/phv/b/n' tried instead on input line 127.
LaTeX Font Info:    Font shape `T1/phv/b/n' will be
(Font)              scaled to size 22.39185pt on input line 127.
LaTeX Font Info:    Font shape `T1/phv/bc/n' will be
(Font)              scaled to size 22.39185pt on input line 127.
 (./refman.toc
LaTeX Font Info:    Font shape `T1/phv/bx/n' in size <10> not available
(Font)              Font shape `T1/phv/b/n' tried instead on input line 1.
LaTeX Font Info:    Font shape `T1/phv/b/n' will be
(Font)              scaled to size 8.99994pt on input line 1.
LaTeX Font Info:    Try loading font information for OT1+ztmcm on input line 1.

 (/usr/share/texmf/tex/latex/psnfss/ot1ztmcm.fd
File: ot1ztmcm.fd 2000/01/03 Fontinst v1.801 font definitions for OT1/ztmcm.
)
LaTeX Font Info:    Try loading font information for OML+ztmcm on input line 1.


(/usr/share/texmf/tex/latex/psnfss/omlztmcm.fd
File: omlztmcm.fd 2000/01/03 Fontinst v1.801 font definitions for OML/ztmcm.
)
LaTeX Font Info:    Try loading font information for OMS+ztmcm on input line 1.


(/usr/share/texmf/tex/latex/psnfss/omsztmcm.fd
File: omsztmcm.fd 2000/01/03 Fontinst v1.801 font definitions for OMS/ztmcm.
)
LaTeX Font Info:    Try loading font information for OMX+ztmcm on input line 1.


(/usr/share/texmf/tex/latex/psnfss/omxztmcm.fd
File: omxztmcm.fd 2000/01/03 Fontinst v1.801 font definitions for OMX/ztmcm.
)
LaTeX Font Info:    Try loading font information for OT1+ptm on input line 1.

(/usr/share/texmf/tex/latex/psnfss/ot1ptm.fd
File: ot1ptm.fd 2001/06/04 font definitions for OT1/ptm.
)
LaTeX Font Info:    Font shape `OT1/ptm/bx/n' in size <10> not available
(Font)              Font shape `OT1/ptm/b/n' tried instead on input line 1.
LaTeX Font Info:    Font shape `OT1/ptm/bx/n' in size <7.4> not available
(Font)              Font shape `OT1/ptm/b/n' tried instead on input line 1.
LaTeX Font Info:    Font shape `OT1/ptm/bx/n' in size <6> not available
(Font)              Font shape `OT1/ptm/b/n' tried instead on input line 1.
 [3

]
LaTeX Font Info:    Font shape `T1/phv/bx/n' in size <7> not available
(Font)              Font shape `T1/phv/b/n' tried instead on input line 68.
LaTeX Font Info:    Font shape `T1/phv/b/n' will be
(Font)              scaled to size 6.29996pt on input line 68.
 [4] [5] [6] [7] [8])
\tf@toc=\write5
\openout5 = `refman.toc'.

 [9]
[10

]
Package hyperref Info: Option `pageanchor' set `true' on input line 130.

Chapter 1.
LaTeX Font Info:    Font shape `T1/phv/m/n' will be
(Font)              scaled to size 18.66588pt on input line 133.
LaTeX Font Info:    Font shape `T1/phv/bx/n' in size <20.74> not available
(Font)              Font shape `T1/phv/b/n' tried instead on input line 133.
LaTeX Font Info:    Font shape `T1/phv/b/n' will be
(Font)              scaled to size 18.66588pt on input line 133.
LaTeX Font Info:    Font shape `T1/phv/bc/n' will be
(Font)              scaled to size 18.66588pt on input line 133.
(./index.tex
LaTeX Font Info:    Try loading font information for T1+pcr on input line 7.
 (/usr/share/texmf/tex/latex/psnfss/t1pcr.fd
File: t1pcr.fd 2001/06/04 font definitions for T1/pcr.
)
LaTeX Font Info:    Font shape `T1/phv/bc/n' will be
(Font)              scaled to size 8.99994pt on input line 9.

Underfull \hbox (badness 10000) detected at line 9
[][][]
 []

) [1

] [2

]
Chapter 2.
(./md__r_e_a_d_m_e.tex) [3] [4

]
Chapter 3.
(./todo.tex) [5] [6

]
Chapter 4.
(./namespaces.tex
LaTeX Font Info:    Font shape `T1/phv/bx/n' in size <14.4> not available
(Font)              Font shape `T1/phv/b/n' tried instead on input line 1.
LaTeX Font Info:    Font shape `T1/phv/b/n' will be
(Font)              scaled to size 12.9599pt on input line 1.
LaTeX Font Info:    Font shape `T1/phv/bc/n' will be
(Font)              scaled to size 12.9599pt on input line 1.
) [7] [8

]
Chapter 5.
(./hierarchy.tex) [9] [10

]
Chapter 6.
(./annotated.tex) [11] [12

]
Chapter 7.
(./files.tex) [13] [14

]
Chapter 8.
(./namespace_ui.tex
LaTeX Font Info:    Font shape `T1/phv/bx/n' in size <12> not available
(Font)              Font shape `T1/phv/b/n' tried instead on input line 4.
LaTeX Font Info:    Font shape `T1/phv/b/n' will be
(Font)              scaled to size 10.79993pt on input line 4.
LaTeX Font Info:    Font shape `T1/phv/bc/n' will be
(Font)              scaled to size 10.79993pt on input line 4.
LaTeX Font Info:    Try loading font information for TS1+phv on input line 7.
 (/usr/share/texmf/tex/latex/psnfss/ts1phv.fd
File: ts1phv.fd 2001/06/04 scalable font definitions for TS1/phv.
)
LaTeX Font Info:    Font shape `TS1/phv/m/n' will be
(Font)              scaled to size 8.99994pt on input line 7.
) [15]
[16

]
Chapter 9.
(./struct_flags.tex
LaTeX Font Info:    Font shape `T1/phv/m/it' in size <9> not available
(Font)              Font shape `T1/phv/m/sl' tried instead on input line 17.
LaTeX Font Info:    Font shape `T1/phv/m/sl' will be
(Font)              scaled to size 8.09995pt on input line 17.
 [17]
LaTeX Font Info:    Font shape `T1/phv/bc/it' in size <10> not available
(Font)              Font shape `T1/phv/bc/sl' tried instead on input line 91.
LaTeX Font Info:    Font shape `T1/phv/bc/sl' will be
(Font)              scaled to size 8.99994pt on input line 91.


LaTeX Font Warning: Font shape `T1/pcr/bc/n' undefined
(Font)              using `T1/pcr/m/n' instead on input line 91.

LaTeX Font Info:    Font shape `T1/phv/m/it' in size <10> not available
(Font)              Font shape `T1/phv/m/sl' tried instead on input line 105.
LaTeX Font Info:    Font shape `T1/phv/m/sl' will be
(Font)              scaled to size 8.99994pt on input line 105.

Underfull \hbox (badness 10000) detected at line 110
[][][]
 []

[18]) (./class_l_c_d.tex
<class_l_c_d__inherit__graph.pdf, id=1566, 129.48375pt x 156.585pt>
File: class_l_c_d__inherit__graph.pdf Graphic file (type pdf)

<use class_l_c_d__inherit__graph.pdf>
Package pdftex.def Info: class_l_c_d__inherit__graph.pdf used on input line 19.

(pdftex.def)             Requested size: 129.0pt x 156.01595pt.

<class_l_c_d__coll__graph.pdf, id=1567, 233.87375pt x 245.91875pt>
File: class_l_c_d__coll__graph.pdf Graphic file (type pdf)

<use class_l_c_d__coll__graph.pdf>
Package pdftex.def Info: class_l_c_d__coll__graph.pdf used on input line 28.
(pdftex.def)             Requested size: 233.0pt x 245.0138pt.
 [19 <./class_l_c_d__inherit__graph.pdf>]

LaTeX Font Warning: Font shape `T1/pcr/bc/it' undefined
(Font)              using `T1/pcr/bc/n' instead on input line 63.

[20 <./class_l_c_d__coll__graph.pdf>]
<class_l_c_d_a259fac152add9afdeb4543af4998d14b_cgraph.pdf, id=1606, 328.22626pt
 x 138.5175pt>
File: class_l_c_d_a259fac152add9afdeb4543af4998d14b_cgraph.pdf Graphic file (ty
pe pdf)
 <use class_l_c_d_a259fac152add9afdeb4543af4998d14b_cgraph.pdf>
Package pdftex.def Info: class_l_c_d_a259fac152add9afdeb4543af4998d14b_cgraph.p
df used on input line 101.
(pdftex.def)             Requested size: 327.0pt x 138.00142pt.
)
(./class_main_window.tex
<class_main_window__inherit__graph.pdf, id=1610, 163.61125pt x 156.585pt>
File: class_main_window__inherit__graph.pdf Graphic file (type pdf)

<use class_main_window__inherit__graph.pdf>
Package pdftex.def Info: class_main_window__inherit__graph.pdf used on input li
ne 19.
(pdftex.def)             Requested size: 163.0pt x 155.99922pt.

Underfull \vbox (badness 7722) has occurred while \output is active []

 [21 <./class_l_c_d_a259fac152add9afdeb4543af4998d14b_cgraph.pdf>]
<class_main_window__coll__graph.pdf, id=1622, 578.16pt x 322.20375pt>
File: class_main_window__coll__graph.pdf Graphic file (type pdf)

<use class_main_window__coll__graph.pdf>
Package pdftex.def Info: class_main_window__coll__graph.pdf used on input line 
28.
(pdftex.def)             Requested size: 350.0pt x 195.0494pt.
 [22 <./class_main_window__inherit__graph.pdf> <./class_main_window__coll__grap
h.pdf

pdfTeX warning: pdflatex (file ./class_main_window__coll__graph.pdf): PDF inclu
sion: multiple pdfs with page group included in a single page
>]
<class_main_window_a8b244be8b7b7db1b08de2a2acb9409db_cgraph.pdf, id=1675, 574.1
45pt x 477.785pt>
File: class_main_window_a8b244be8b7b7db1b08de2a2acb9409db_cgraph.pdf Graphic fi
le (type pdf)

<use class_main_window_a8b244be8b7b7db1b08de2a2acb9409db_cgraph.pdf>
Package pdftex.def Info: class_main_window_a8b244be8b7b7db1b08de2a2acb9409db_cg
raph.pdf used on input line 115.
(pdftex.def)             Requested size: 350.0pt x 291.26616pt.

Underfull \vbox (badness 10000) has occurred while \output is active []

 [23]

Package hyperref Warning: Token not allowed in a PDF string (Unicode):
(hyperref)                removing `math shift' on input line 126.


Package hyperref Warning: Token not allowed in a PDF string (Unicode):
(hyperref)                removing `\sim' on input line 126.


Package hyperref Warning: Token not allowed in a PDF string (Unicode):
(hyperref)                removing `math shift' on input line 126.


<class_main_window_a7208eaab614587a945fee7216034aa71_cgraph.pdf, id=1697, 343.2
825pt x 176.66pt>
File: class_main_window_a7208eaab614587a945fee7216034aa71_cgraph.pdf Graphic fi
le (type pdf)

<use class_main_window_a7208eaab614587a945fee7216034aa71_cgraph.pdf>
Package pdftex.def Info: class_main_window_a7208eaab614587a945fee7216034aa71_cg
raph.pdf used on input line 152.
(pdftex.def)             Requested size: 342.0pt x 175.99913pt.

Underfull \vbox (badness 10000) has occurred while \output is active []

 [24 <./class_main_window_a8b244be8b7b7db1b08de2a2acb9409db_cgraph.pdf>]
<class_main_window_a7208eaab614587a945fee7216034aa71_icgraph.pdf, id=1708, 378.
41376pt x 100.375pt>
File: class_main_window_a7208eaab614587a945fee7216034aa71_icgraph.pdf Graphic f
ile (type pdf)

<use class_main_window_a7208eaab614587a945fee7216034aa71_icgraph.pdf>
Package pdftex.def Info: class_main_window_a7208eaab614587a945fee7216034aa71_ic
graph.pdf used on input line 164.
(pdftex.def)             Requested size: 350.0pt x 92.83928pt.

<class_main_window_a55cd52e7b00aff669290588f8affea5a_cgraph.pdf, id=1709, 674.5
2pt x 176.66pt>
File: class_main_window_a55cd52e7b00aff669290588f8affea5a_cgraph.pdf Graphic fi
le (type pdf)

<use class_main_window_a55cd52e7b00aff669290588f8affea5a_cgraph.pdf>
Package pdftex.def Info: class_main_window_a55cd52e7b00aff669290588f8affea5a_cg
raph.pdf used on input line 187.
(pdftex.def)             Requested size: 350.0pt x 91.66695pt.

<class_main_window_ab9336d803a096e94955e032ecf9d0e8b_cgraph.pdf, id=1710, 373.3
95pt x 111.41624pt>
File: class_main_window_ab9336d803a096e94955e032ecf9d0e8b_cgraph.pdf Graphic fi
le (type pdf)

<use class_main_window_ab9336d803a096e94955e032ecf9d0e8b_cgraph.pdf>
Package pdftex.def Info: class_main_window_ab9336d803a096e94955e032ecf9d0e8b_cg
raph.pdf used on input line 210.
(pdftex.def)             Requested size: 350.0pt x 104.44057pt.

Underfull \vbox (badness 2753) has occurred while \output is active []

 [25 <./class_main_window_a7208eaab614587a945fee7216034aa71_cgraph.pdf> <./clas
s_main_window_a7208eaab614587a945fee7216034aa71_icgraph.pdf

pdfTeX warning: pdflatex (file ./class_main_window_a7208eaab614587a945fee721603
4aa71_icgraph.pdf): PDF inclusion: multiple pdfs with page group included in a 
single page
> <./class_main_window_a55cd52e7b00aff669290588f8affea5a_cgraph.pdf

pdfTeX warning: pdflatex (file ./class_main_window_a55cd52e7b00aff669290588f8af
fea5a_cgraph.pdf): PDF inclusion: multiple pdfs with page group included in a s
ingle page
>]
<class_main_window_ac9a5649007c5a18e7aa123634866e3a7_cgraph.pdf, id=1731, 345.2
9pt x 138.5175pt>
File: class_main_window_ac9a5649007c5a18e7aa123634866e3a7_cgraph.pdf Graphic fi
le (type pdf)

<use class_main_window_ac9a5649007c5a18e7aa123634866e3a7_cgraph.pdf>
Package pdftex.def Info: class_main_window_ac9a5649007c5a18e7aa123634866e3a7_cg
raph.pdf used on input line 233.
(pdftex.def)             Requested size: 344.0pt x 138.00142pt.

<class_main_window_ac9a5649007c5a18e7aa123634866e3a7_icgraph.pdf, id=1732, 382.
42876pt x 100.375pt>
File: class_main_window_ac9a5649007c5a18e7aa123634866e3a7_icgraph.pdf Graphic f
ile (type pdf)

<use class_main_window_ac9a5649007c5a18e7aa123634866e3a7_icgraph.pdf>
Package pdftex.def Info: class_main_window_ac9a5649007c5a18e7aa123634866e3a7_ic
graph.pdf used on input line 245.
(pdftex.def)             Requested size: 350.0pt x 91.86824pt.
 [26 <./class_main_window_ab9336d803a096e94955e032ecf9d0e8b_cgraph.pdf> <./clas
s_main_window_ac9a5649007c5a18e7aa123634866e3a7_cgraph.pdf

pdfTeX warning: pdflatex (file ./class_main_window_ac9a5649007c5a18e7aa12363486
6e3a7_cgraph.pdf): PDF inclusion: multiple pdfs with page group included in a s
ingle page
> <./class_main_window_ac9a5649007c5a18e7aa123634866e3a7_icgraph.pdf

pdfTeX warning: pdflatex (file ./class_main_window_ac9a5649007c5a18e7aa12363486
6e3a7_icgraph.pdf): PDF inclusion: multiple pdfs with page group included in a 
single page
>]) (./class_ui_1_1_main_window.tex
<class_ui_1_1_main_window__inherit__graph.pdf, id=1755, 170.6375pt x 156.585pt>
File: class_ui_1_1_main_window__inherit__graph.pdf Graphic file (type pdf)
<use class_ui_1_1_main_window__inherit__graph.pdf>
Package pdftex.def Info: class_ui_1_1_main_window__inherit__graph.pdf used on i
nput line 14.
(pdftex.def)             Requested size: 170.0pt x 156.00879pt.

<class_ui_1_1_main_window__coll__graph.pdf, id=1756, 170.6375pt x 156.585pt>
File: class_ui_1_1_main_window__coll__graph.pdf Graphic file (type pdf)

<use class_ui_1_1_main_window__coll__graph.pdf>
Package pdftex.def Info: class_ui_1_1_main_window__coll__graph.pdf used on inpu
t line 23.
(pdftex.def)             Requested size: 170.0pt x 156.00879pt.

Underfull \vbox (badness 5970) has occurred while \output is active []

 [27 <./class_ui_1_1_main_window__inherit__graph.pdf>]) (./classplot_graph.tex
<classplot_graph__inherit__graph.pdf, id=1771, 163.61125pt x 156.585pt>
File: classplot_graph__inherit__graph.pdf Graphic file (type pdf)

<use classplot_graph__inherit__graph.pdf>
Package pdftex.def Info: classplot_graph__inherit__graph.pdf used on input line
 19.
(pdftex.def)             Requested size: 163.0pt x 155.99922pt.

<classplot_graph__coll__graph.pdf, id=1772, 163.61125pt x 156.585pt>
File: classplot_graph__coll__graph.pdf Graphic file (type pdf)

<use classplot_graph__coll__graph.pdf>
Package pdftex.def Info: classplot_graph__coll__graph.pdf used on input line 28
.
(pdftex.def)             Requested size: 163.0pt x 155.99922pt.

Underfull \vbox (badness 10000) has occurred while \output is active []

 [28 <./class_ui_1_1_main_window__coll__graph.pdf> <./classplot_graph__inherit_
_graph.pdf

pdfTeX warning: pdflatex (file ./classplot_graph__inherit__graph.pdf): PDF incl
usion: multiple pdfs with page group included in a single page
>] [29 <./classplot_graph__coll__graph.pdf>]
Underfull \hbox (badness 10000) detected at line 150
[][][]
 []

[30]
<classplot_graph_aafb4adc423d484284f192dee28b00b8a_icgraph.pdf, id=1873, 460.72
125pt x 100.375pt>
File: classplot_graph_aafb4adc423d484284f192dee28b00b8a_icgraph.pdf Graphic fil
e (type pdf)

<use classplot_graph_aafb4adc423d484284f192dee28b00b8a_icgraph.pdf>
Package pdftex.def Info: classplot_graph_aafb4adc423d484284f192dee28b00b8a_icgr
aph.pdf used on input line 182.
(pdftex.def)             Requested size: 350.0pt x 76.25208pt.

<classplot_graph_a101e15e7b8cb1ca251e736777a091ee3_icgraph.pdf, id=1874, 460.72
125pt x 100.375pt>
File: classplot_graph_a101e15e7b8cb1ca251e736777a091ee3_icgraph.pdf Graphic fil
e (type pdf)

<use classplot_graph_a101e15e7b8cb1ca251e736777a091ee3_icgraph.pdf>
Package pdftex.def Info: classplot_graph_a101e15e7b8cb1ca251e736777a091ee3_icgr
aph.pdf used on input line 216.
(pdftex.def)             Requested size: 350.0pt x 76.25208pt.

<classplot_graph_a8eb89c53d633e0a9574f1670c9c0d644_icgraph.pdf, id=1875, 360.34
625pt x 100.375pt>
File: classplot_graph_a8eb89c53d633e0a9574f1670c9c0d644_icgraph.pdf Graphic fil
e (type pdf)

<use classplot_graph_a8eb89c53d633e0a9574f1670c9c0d644_icgraph.pdf>
Package pdftex.def Info: classplot_graph_a8eb89c53d633e0a9574f1670c9c0d644_icgr
aph.pdf used on input line 244.
(pdftex.def)             Requested size: 350.0pt x 97.49226pt.
 [31 <./classplot_graph_aafb4adc423d484284f192dee28b00b8a_icgraph.pdf> <./class
plot_graph_a101e15e7b8cb1ca251e736777a091ee3_icgraph.pdf

pdfTeX warning: pdflatex (file ./classplot_graph_a101e15e7b8cb1ca251e736777a091
ee3_icgraph.pdf): PDF inclusion: multiple pdfs with page group included in a si
ngle page
> <./classplot_graph_a8eb89c53d633e0a9574f1670c9c0d644_icgraph.pdf

pdfTeX warning: pdflatex (file ./classplot_graph_a8eb89c53d633e0a9574f1670c9c0d
644_icgraph.pdf): PDF inclusion: multiple pdfs with page group included in a si
ngle page
>] [32]
<classplot_graph_aa72b60c4f95834599921874fab85d01b_cgraph.pdf, id=1900, 464.736
25pt x 176.66pt>
File: classplot_graph_aa72b60c4f95834599921874fab85d01b_cgraph.pdf Graphic file
 (type pdf)

<use classplot_graph_aa72b60c4f95834599921874fab85d01b_cgraph.pdf>
Package pdftex.def Info: classplot_graph_aa72b60c4f95834599921874fab85d01b_cgra
ph.pdf used on input line 278.
(pdftex.def)             Requested size: 350.0pt x 133.04996pt.

<classplot_graph_a9237c8835c854dfe3156d4a5803663ab_cgraph.pdf, id=1901, 337.26p
t x 138.5175pt>
File: classplot_graph_a9237c8835c854dfe3156d4a5803663ab_cgraph.pdf Graphic file
 (type pdf)

<use classplot_graph_a9237c8835c854dfe3156d4a5803663ab_cgraph.pdf>
Package pdftex.def Info: classplot_graph_a9237c8835c854dfe3156d4a5803663ab_cgra
ph.pdf used on input line 312.
(pdftex.def)             Requested size: 336.0pt x 138.00354pt.

<classplot_graph_a9237c8835c854dfe3156d4a5803663ab_icgraph.pdf, id=1902, 311.16
25pt x 100.375pt>
File: classplot_graph_a9237c8835c854dfe3156d4a5803663ab_icgraph.pdf Graphic fil
e (type pdf)

<use classplot_graph_a9237c8835c854dfe3156d4a5803663ab_icgraph.pdf>
Package pdftex.def Info: classplot_graph_a9237c8835c854dfe3156d4a5803663ab_icgr
aph.pdf used on input line 324.
(pdftex.def)             Requested size: 310.0pt x 100.00102pt.
 [33 <./classplot_graph_aa72b60c4f95834599921874fab85d01b_cgraph.pdf> <./classp
lot_graph_a9237c8835c854dfe3156d4a5803663ab_cgraph.pdf

pdfTeX warning: pdflatex (file ./classplot_graph_a9237c8835c854dfe3156d4a580366
3ab_cgraph.pdf): PDF inclusion: multiple pdfs with page group included in a sin
gle page
> <./classplot_graph_a9237c8835c854dfe3156d4a5803663ab_icgraph.pdf

pdfTeX warning: pdflatex (file ./classplot_graph_a9237c8835c854dfe3156d4a580366
3ab_icgraph.pdf): PDF inclusion: multiple pdfs with page group included in a si
ngle page
>]
<classplot_graph_a15feece3d49379208e40d2cd1b560787_cgraph.pdf, id=1924, 338.263
75pt x 100.375pt>
File: classplot_graph_a15feece3d49379208e40d2cd1b560787_cgraph.pdf Graphic file
 (type pdf)

<use classplot_graph_a15feece3d49379208e40d2cd1b560787_cgraph.pdf>
Package pdftex.def Info: classplot_graph_a15feece3d49379208e40d2cd1b560787_cgra
ph.pdf used on input line 358.
(pdftex.def)             Requested size: 337.0pt x 100.00255pt.

<classplot_graph_a15feece3d49379208e40d2cd1b560787_icgraph.pdf, id=1925, 308.15
125pt x 100.375pt>
File: classplot_graph_a15feece3d49379208e40d2cd1b560787_icgraph.pdf Graphic fil
e (type pdf)

<use classplot_graph_a15feece3d49379208e40d2cd1b560787_icgraph.pdf>
Package pdftex.def Info: classplot_graph_a15feece3d49379208e40d2cd1b560787_icgr
aph.pdf used on input line 370.
(pdftex.def)             Requested size: 307.0pt x 100.00716pt.

Underfull \hbox (badness 10000) detected at line 391
[][][]
 []


<classplot_graph_afecabc6fb684c043bef8f585eb7e0791_icgraph.pdf, id=1926, 461.72
5pt x 100.375pt>
File: classplot_graph_afecabc6fb684c043bef8f585eb7e0791_icgraph.pdf Graphic fil
e (type pdf)

<use classplot_graph_afecabc6fb684c043bef8f585eb7e0791_icgraph.pdf>
Package pdftex.def Info: classplot_graph_afecabc6fb684c043bef8f585eb7e0791_icgr
aph.pdf used on input line 401.
(pdftex.def)             Requested size: 350.0pt x 76.08667pt.
 [34 <./classplot_graph_a15feece3d49379208e40d2cd1b560787_cgraph.pdf> <./classp
lot_graph_a15feece3d49379208e40d2cd1b560787_icgraph.pdf

pdfTeX warning: pdflatex (file ./classplot_graph_a15feece3d49379208e40d2cd1b560
787_icgraph.pdf): PDF inclusion: multiple pdfs with page group included in a si
ngle page
> <./classplot_graph_afecabc6fb684c043bef8f585eb7e0791_icgraph.pdf

pdfTeX warning: pdflatex (file ./classplot_graph_afecabc6fb684c043bef8f585eb7e0
791_icgraph.pdf): PDF inclusion: multiple pdfs with page group included in a si
ngle page
>]
<classplot_graph_a09a7563bcd8a387e1d9bf3f534ecd990_icgraph.pdf, id=1947, 514.92
375pt x 119.44624pt>
File: classplot_graph_a09a7563bcd8a387e1d9bf3f534ecd990_icgraph.pdf Graphic fil
e (type pdf)

<use classplot_graph_a09a7563bcd8a387e1d9bf3f534ecd990_icgraph.pdf>
Package pdftex.def Info: classplot_graph_a09a7563bcd8a387e1d9bf3f534ecd990_icgr
aph.pdf used on input line 436.
(pdftex.def)             Requested size: 350.0pt x 81.19138pt.

<classplot_graph_a860f6e766de63d3a7a251f528dcc4be7_icgraph.pdf, id=1948, 519.94
25pt x 119.44624pt>
File: classplot_graph_a860f6e766de63d3a7a251f528dcc4be7_icgraph.pdf Graphic fil
e (type pdf)

<use classplot_graph_a860f6e766de63d3a7a251f528dcc4be7_icgraph.pdf>
Package pdftex.def Info: classplot_graph_a860f6e766de63d3a7a251f528dcc4be7_icgr
aph.pdf used on input line 467.
(pdftex.def)             Requested size: 350.0pt x 80.40584pt.

<classplot_graph_ab78b439ee76e1f4df9a9e26ebcd3bc29_icgraph.pdf, id=1949, 369.38
pt x 100.375pt>
File: classplot_graph_ab78b439ee76e1f4df9a9e26ebcd3bc29_icgraph.pdf Graphic fil
e (type pdf)

<use classplot_graph_ab78b439ee76e1f4df9a9e26ebcd3bc29_icgraph.pdf>
Package pdftex.def Info: classplot_graph_ab78b439ee76e1f4df9a9e26ebcd3bc29_icgr
aph.pdf used on input line 495.
(pdftex.def)             Requested size: 350.0pt x 95.1091pt.
 [35 <./classplot_graph_a09a7563bcd8a387e1d9bf3f534ecd990_icgraph.pdf> <./class
plot_graph_a860f6e766de63d3a7a251f528dcc4be7_icgraph.pdf

pdfTeX warning: pdflatex (file ./classplot_graph_a860f6e766de63d3a7a251f528dcc4
be7_icgraph.pdf): PDF inclusion: multiple pdfs with page group included in a si
ngle page
> <./classplot_graph_ab78b439ee76e1f4df9a9e26ebcd3bc29_icgraph.pdf

pdfTeX warning: pdflatex (file ./classplot_graph_ab78b439ee76e1f4df9a9e26ebcd3b
c29_icgraph.pdf): PDF inclusion: multiple pdfs with page group included in a si
ngle page
>]
<classplot_graph_a0e2e3589bfc5cc726e367bf8bdc8a2f5_icgraph.pdf, id=1970, 519.94
25pt x 119.44624pt>
File: classplot_graph_a0e2e3589bfc5cc726e367bf8bdc8a2f5_icgraph.pdf Graphic fil
e (type pdf)

<use classplot_graph_a0e2e3589bfc5cc726e367bf8bdc8a2f5_icgraph.pdf>
Package pdftex.def Info: classplot_graph_a0e2e3589bfc5cc726e367bf8bdc8a2f5_icgr
aph.pdf used on input line 526.
(pdftex.def)             Requested size: 350.0pt x 80.40584pt.

<classplot_graph_af5944ac87c177035eeeaf61d64b1a139_icgraph.pdf, id=1971, 369.38
pt x 100.375pt>
File: classplot_graph_af5944ac87c177035eeeaf61d64b1a139_icgraph.pdf Graphic fil
e (type pdf)

<use classplot_graph_af5944ac87c177035eeeaf61d64b1a139_icgraph.pdf>
Package pdftex.def Info: classplot_graph_af5944ac87c177035eeeaf61d64b1a139_icgr
aph.pdf used on input line 554.
(pdftex.def)             Requested size: 350.0pt x 95.1091pt.
 [36 <./classplot_graph_a0e2e3589bfc5cc726e367bf8bdc8a2f5_icgraph.pdf> <./class
plot_graph_af5944ac87c177035eeeaf61d64b1a139_icgraph.pdf

pdfTeX warning: pdflatex (file ./classplot_graph_af5944ac87c177035eeeaf61d64b1a
139_icgraph.pdf): PDF inclusion: multiple pdfs with page group included in a si
ngle page
>]) (./structqt__meta__stringdata___l_c_d__t.tex)
(./structqt__meta__stringdata___main_window__t.tex)
(./structqt__meta__stringdata__plot_graph__t.tex [37])
(./structqt__meta__stringdata___r_s22812__t.tex)
(./structqt__meta__stringdata___serial_port__t.tex) (./class_r_s22812.tex
[38] <class_r_s22812__inherit__graph.pdf, id=2029, 136.51pt x 156.585pt>
File: class_r_s22812__inherit__graph.pdf Graphic file (type pdf)

<use class_r_s22812__inherit__graph.pdf>
Package pdftex.def Info: class_r_s22812__inherit__graph.pdf used on input line 
19.
(pdftex.def)             Requested size: 136.0pt x 156.00879pt.

<class_r_s22812__coll__graph.pdf, id=2030, 198.7425pt x 178.6675pt>
File: class_r_s22812__coll__graph.pdf Graphic file (type pdf)

<use class_r_s22812__coll__graph.pdf>
Package pdftex.def Info: class_r_s22812__coll__graph.pdf used on input line 28.

(pdftex.def)             Requested size: 198.0pt x 178.00456pt.
 [39 <./class_r_s22812__inherit__graph.pdf> <./class_r_s22812__coll__graph.pdf

pdfTeX warning: pdflatex (file ./class_r_s22812__coll__graph.pdf): PDF inclusio
n: multiple pdfs with page group included in a single page
>]
Underfull \hbox (badness 1715) in paragraph at lines 81--82
[]\T1/phv/m/n/10 Part of the in-for-ma-tion was ob-tained from [][]\T1/pcr/bc/i
t/10 http-://sigrok.-org/wiki/-Radio-Shack-_-22-812[][] \T1/phv/m/n/10 and
 []

LaTeX Font Info:    Font shape `T1/phv/m/n' will be
(Font)              scaled to size 7.19995pt on input line 83.
[40]
Underfull \hbox (badness 10000) in alignment at lines 113--125
[][][] 
 []


<class_r_s22812_ac5e60fb0fe61e2be5db4d5caab46c827_cgraph.pdf, id=2094, 329.23pt
 x 100.375pt>
File: class_r_s22812_ac5e60fb0fe61e2be5db4d5caab46c827_cgraph.pdf Graphic file 
(type pdf)

<use class_r_s22812_ac5e60fb0fe61e2be5db4d5caab46c827_cgraph.pdf>
Package pdftex.def Info: class_r_s22812_ac5e60fb0fe61e2be5db4d5caab46c827_cgrap
h.pdf used on input line 152.
(pdftex.def)             Requested size: 328.0pt x 100.00255pt.

Underfull \hbox (badness 10000) detected at line 176
[][][]
 []


<class_r_s22812_aee6ba6536ad3d47239501d812d5db994_icgraph.pdf, id=2096, 331.237
5pt x 100.375pt>
File: class_r_s22812_aee6ba6536ad3d47239501d812d5db994_icgraph.pdf Graphic file
 (type pdf)

<use class_r_s22812_aee6ba6536ad3d47239501d812d5db994_icgraph.pdf>
Package pdftex.def Info: class_r_s22812_aee6ba6536ad3d47239501d812d5db994_icgra
ph.pdf used on input line 186.
(pdftex.def)             Requested size: 330.0pt x 100.00409pt.
 [41 <./class_r_s22812_ac5e60fb0fe61e2be5db4d5caab46c827_cgraph.pdf>]
Underfull \hbox (badness 10000) detected at line 202
[][][]
 []


<class_r_s22812_aee09c692d82aacb68a598091ea4b6597_icgraph.pdf, id=2107, 328.226
26pt x 100.375pt>
File: class_r_s22812_aee09c692d82aacb68a598091ea4b6597_icgraph.pdf Graphic file
 (type pdf)

<use class_r_s22812_aee09c692d82aacb68a598091ea4b6597_icgraph.pdf>
Package pdftex.def Info: class_r_s22812_aee09c692d82aacb68a598091ea4b6597_icgra
ph.pdf used on input line 212.
(pdftex.def)             Requested size: 327.0pt x 100.00102pt.

Underfull \hbox (badness 10000) detected at line 228
[][][]
 []


<class_r_s22812_a4ae945cdd647a66f6e7d54f20f77502e_icgraph.pdf, id=2108, 308.151
25pt x 100.375pt>
File: class_r_s22812_a4ae945cdd647a66f6e7d54f20f77502e_icgraph.pdf Graphic file
 (type pdf)

<use class_r_s22812_a4ae945cdd647a66f6e7d54f20f77502e_icgraph.pdf>
Package pdftex.def Info: class_r_s22812_a4ae945cdd647a66f6e7d54f20f77502e_icgra
ph.pdf used on input line 238.
(pdftex.def)             Requested size: 307.0pt x 100.00716pt.
 [42 <./class_r_s22812_aee6ba6536ad3d47239501d812d5db994_icgraph.pdf> <./class_
r_s22812_aee09c692d82aacb68a598091ea4b6597_icgraph.pdf

pdfTeX warning: pdflatex (file ./class_r_s22812_aee09c692d82aacb68a598091ea4b65
97_icgraph.pdf): PDF inclusion: multiple pdfs with page group included in a sin
gle page
> <./class_r_s22812_a4ae945cdd647a66f6e7d54f20f77502e_icgraph.pdf

pdfTeX warning: pdflatex (file ./class_r_s22812_a4ae945cdd647a66f6e7d54f20f7750
2e_icgraph.pdf): PDF inclusion: multiple pdfs with page group included in a sin
gle page
>]
Underfull \hbox (badness 10000) detected at line 254
[][][]
 []


<class_r_s22812_a72884c3f25b59129ac21dca9f68a664f_icgraph.pdf, id=2129, 521.95p
t x 119.44624pt>
File: class_r_s22812_a72884c3f25b59129ac21dca9f68a664f_icgraph.pdf Graphic file
 (type pdf)

<use class_r_s22812_a72884c3f25b59129ac21dca9f68a664f_icgraph.pdf>
Package pdftex.def Info: class_r_s22812_a72884c3f25b59129ac21dca9f68a664f_icgra
ph.pdf used on input line 264.
(pdftex.def)             Requested size: 350.0pt x 80.09781pt.

Underfull \hbox (badness 10000) detected at line 280
[][][]
 []


<class_r_s22812_a80e53a20cbe5c9c670e8b8309d043475_icgraph.pdf, id=2130, 506.893
75pt x 100.375pt>
File: class_r_s22812_a80e53a20cbe5c9c670e8b8309d043475_icgraph.pdf Graphic file
 (type pdf)

<use class_r_s22812_a80e53a20cbe5c9c670e8b8309d043475_icgraph.pdf>
Package pdftex.def Info: class_r_s22812_a80e53a20cbe5c9c670e8b8309d043475_icgra
ph.pdf used on input line 290.
(pdftex.def)             Requested size: 350.0pt x 69.30782pt.

Underfull \hbox (badness 10000) detected at line 306
[][][]
 []


<class_r_s22812_a551bff514434f8710316a06c529d1f3c_icgraph.pdf, id=2131, 355.327
5pt x 100.375pt>
File: class_r_s22812_a551bff514434f8710316a06c529d1f3c_icgraph.pdf Graphic file
 (type pdf)

<use class_r_s22812_a551bff514434f8710316a06c529d1f3c_icgraph.pdf>
Package pdftex.def Info: class_r_s22812_a551bff514434f8710316a06c529d1f3c_icgra
ph.pdf used on input line 316.
(pdftex.def)             Requested size: 350.0pt x 98.87376pt.

<class_r_s22812_afdbd28cc7f8abb95f13ad9d795c6c10d_icgraph.pdf, id=2132, 360.346
25pt x 138.5175pt>
File: class_r_s22812_afdbd28cc7f8abb95f13ad9d795c6c10d_icgraph.pdf Graphic file
 (type pdf)

<use class_r_s22812_afdbd28cc7f8abb95f13ad9d795c6c10d_icgraph.pdf>
Package pdftex.def Info: class_r_s22812_afdbd28cc7f8abb95f13ad9d795c6c10d_icgra
ph.pdf used on input line 335.
(pdftex.def)             Requested size: 350.0pt x 134.53934pt.
 [43 <./class_r_s22812_a72884c3f25b59129ac21dca9f68a664f_icgraph.pdf> <./class_
r_s22812_a80e53a20cbe5c9c670e8b8309d043475_icgraph.pdf

pdfTeX warning: pdflatex (file ./class_r_s22812_a80e53a20cbe5c9c670e8b8309d0434
75_icgraph.pdf): PDF inclusion: multiple pdfs with page group included in a sin
gle page
> <./class_r_s22812_a551bff514434f8710316a06c529d1f3c_icgraph.pdf

pdfTeX warning: pdflatex (file ./class_r_s22812_a551bff514434f8710316a06c529d1f
3c_icgraph.pdf): PDF inclusion: multiple pdfs with page group included in a sin
gle page
>]
<class_r_s22812_a47691c122c8ad0716dc7c86b1bf01bb8_icgraph.pdf, id=2154, 364.361
25pt x 138.5175pt>
File: class_r_s22812_a47691c122c8ad0716dc7c86b1bf01bb8_icgraph.pdf Graphic file
 (type pdf)

<use class_r_s22812_a47691c122c8ad0716dc7c86b1bf01bb8_icgraph.pdf>
Package pdftex.def Info: class_r_s22812_a47691c122c8ad0716dc7c86b1bf01bb8_icgra
ph.pdf used on input line 354.
(pdftex.def)             Requested size: 350.0pt x 133.06194pt.

<class_r_s22812_a5de59c9521bc80e37745c8c3243d9229_cgraph.pdf, id=2155, 355.3275
pt x 176.66pt>
File: class_r_s22812_a5de59c9521bc80e37745c8c3243d9229_cgraph.pdf Graphic file 
(type pdf)

<use class_r_s22812_a5de59c9521bc80e37745c8c3243d9229_cgraph.pdf>
Package pdftex.def Info: class_r_s22812_a5de59c9521bc80e37745c8c3243d9229_cgrap
h.pdf used on input line 382.
(pdftex.def)             Requested size: 350.0pt x 174.01785pt.

Underfull \vbox (badness 10000) has occurred while \output is active []

 [44 <./class_r_s22812_afdbd28cc7f8abb95f13ad9d795c6c10d_icgraph.pdf> <./class_
r_s22812_a47691c122c8ad0716dc7c86b1bf01bb8_icgraph.pdf

pdfTeX warning: pdflatex (file ./class_r_s22812_a47691c122c8ad0716dc7c86b1bf01b
b8_icgraph.pdf): PDF inclusion: multiple pdfs with page group included in a sin
gle page
>]
<class_r_s22812_a64f4658259e355d64dcaaa92eac65e93_icgraph.pdf, id=2171, 334.248
75pt x 138.5175pt>
File: class_r_s22812_a64f4658259e355d64dcaaa92eac65e93_icgraph.pdf Graphic file
 (type pdf)

<use class_r_s22812_a64f4658259e355d64dcaaa92eac65e93_icgraph.pdf>
Package pdftex.def Info: class_r_s22812_a64f4658259e355d64dcaaa92eac65e93_icgra
ph.pdf used on input line 405.
(pdftex.def)             Requested size: 333.0pt x 138.012pt.
)
(./class_serial_port.tex [45 <./class_r_s22812_a5de59c9521bc80e37745c8c3243d922
9_cgraph.pdf> <./class_r_s22812_a64f4658259e355d64dcaaa92eac65e93_icgraph.pdf

pdfTeX warning: pdflatex (file ./class_r_s22812_a64f4658259e355d64dcaaa92eac65e
93_icgraph.pdf): PDF inclusion: multiple pdfs with page group included in a sin
gle page
>] <class_serial_port__inherit__graph.pdf, id=2191, 141.52875pt x 156.585pt>
File: class_serial_port__inherit__graph.pdf Graphic file (type pdf)

<use class_serial_port__inherit__graph.pdf>
Package pdftex.def Info: class_serial_port__inherit__graph.pdf used on input li
ne 19.
(pdftex.def)             Requested size: 141.0pt x 156.01357pt.

<class_serial_port__coll__graph.pdf, id=2192, 141.52875pt x 156.585pt>
File: class_serial_port__coll__graph.pdf Graphic file (type pdf)

<use class_serial_port__coll__graph.pdf>
Package pdftex.def Info: class_serial_port__coll__graph.pdf used on input line 
28.
(pdftex.def)             Requested size: 141.0pt x 156.01357pt.
 [46 <./class_serial_port__inherit__graph.pdf> <./class_serial_port__coll__grap
h.pdf

pdfTeX warning: pdflatex (file ./class_serial_port__coll__graph.pdf): PDF inclu
sion: multiple pdfs with page group included in a single page
>]

Package hyperref Warning: Token not allowed in a PDF string (Unicode):
(hyperref)                removing `math shift' on input line 115.


Package hyperref Warning: Token not allowed in a PDF string (Unicode):
(hyperref)                removing `\sim' on input line 115.


Package hyperref Warning: Token not allowed in a PDF string (Unicode):
(hyperref)                removing `math shift' on input line 115.


<class_serial_port_a8e09f366ed9b26b0456b66ae7bd8c702_cgraph.pdf, id=2236, 344.2
8625pt x 100.375pt>
File: class_serial_port_a8e09f366ed9b26b0456b66ae7bd8c702_cgraph.pdf Graphic fi
le (type pdf)

<use class_serial_port_a8e09f366ed9b26b0456b66ae7bd8c702_cgraph.pdf>
Package pdftex.def Info: class_serial_port_a8e09f366ed9b26b0456b66ae7bd8c702_cg
raph.pdf used on input line 127.
(pdftex.def)             Requested size: 343.0pt x 100.00102pt.
 [47]
Underfull \hbox (badness 10000) detected at line 146
[][][]
 []


<class_serial_port_a71c52f501f57ab491d0dc83cbc5e6a14_icgraph.pdf, id=2258, 571.
13374pt x 193.72375pt>
File: class_serial_port_a71c52f501f57ab491d0dc83cbc5e6a14_icgraph.pdf Graphic f
ile (type pdf)

<use class_serial_port_a71c52f501f57ab491d0dc83cbc5e6a14_icgraph.pdf>
Package pdftex.def Info: class_serial_port_a71c52f501f57ab491d0dc83cbc5e6a14_ic
graph.pdf used on input line 156.
(pdftex.def)             Requested size: 350.0pt x 118.71815pt.

Underfull \hbox (badness 10000) detected at line 172
[][][]
 []


<class_serial_port_acd94c96dd2608f90a9ead0ced2742d17_icgraph.pdf, id=2259, 557.
08125pt x 144.54pt>
File: class_serial_port_acd94c96dd2608f90a9ead0ced2742d17_icgraph.pdf Graphic f
ile (type pdf)

<use class_serial_port_acd94c96dd2608f90a9ead0ced2742d17_icgraph.pdf>
Package pdftex.def Info: class_serial_port_acd94c96dd2608f90a9ead0ced2742d17_ic
graph.pdf used on input line 182.
(pdftex.def)             Requested size: 350.0pt x 90.81145pt.
 [48 <./class_serial_port_a8e09f366ed9b26b0456b66ae7bd8c702_cgraph.pdf> <./clas
s_serial_port_a71c52f501f57ab491d0dc83cbc5e6a14_icgraph.pdf

pdfTeX warning: pdflatex (file ./class_serial_port_a71c52f501f57ab491d0dc83cbc5
e6a14_icgraph.pdf): PDF inclusion: multiple pdfs with page group included in a 
single page
> <./class_serial_port_acd94c96dd2608f90a9ead0ced2742d17_icgraph.pdf

pdfTeX warning: pdflatex (file ./class_serial_port_acd94c96dd2608f90a9ead0ced27
42d17_icgraph.pdf): PDF inclusion: multiple pdfs with page group included in a 
single page
>] [49]
Underfull \hbox (badness 10000) detected at line 203
[][][]
 []


<class_serial_port_a746e1ff02d45d8bf6b94e8bcbde6bb0d_cgraph.pdf, id=2284, 476.7
8125pt x 176.66pt>
File: class_serial_port_a746e1ff02d45d8bf6b94e8bcbde6bb0d_cgraph.pdf Graphic fi
le (type pdf)

<use class_serial_port_a746e1ff02d45d8bf6b94e8bcbde6bb0d_cgraph.pdf>
Package pdftex.def Info: class_serial_port_a746e1ff02d45d8bf6b94e8bcbde6bb0d_cg
raph.pdf used on input line 213.
(pdftex.def)             Requested size: 350.0pt x 129.69122pt.

<class_serial_port_a746e1ff02d45d8bf6b94e8bcbde6bb0d_icgraph.pdf, id=2285, 385.
44pt x 111.41624pt>
File: class_serial_port_a746e1ff02d45d8bf6b94e8bcbde6bb0d_icgraph.pdf Graphic f
ile (type pdf)

<use class_serial_port_a746e1ff02d45d8bf6b94e8bcbde6bb0d_icgraph.pdf>
Package pdftex.def Info: class_serial_port_a746e1ff02d45d8bf6b94e8bcbde6bb0d_ic
graph.pdf used on input line 225.
(pdftex.def)             Requested size: 350.0pt x 101.17133pt.

<class_serial_port_a708a04f46660c9803112fda4f60defe1_icgraph.pdf, id=2286, 657.
45625pt x 111.41624pt>
File: class_serial_port_a708a04f46660c9803112fda4f60defe1_icgraph.pdf Graphic f
ile (type pdf)

<use class_serial_port_a708a04f46660c9803112fda4f60defe1_icgraph.pdf>
Package pdftex.def Info: class_serial_port_a708a04f46660c9803112fda4f60defe1_ic
graph.pdf used on input line 248.
(pdftex.def)             Requested size: 350.0pt x 59.31383pt.

<class_serial_port_a76a7bb63e3f581ccb55a5951bf97a4e3_cgraph.pdf, id=2287, 316.1
8124pt x 100.375pt>
File: class_serial_port_a76a7bb63e3f581ccb55a5951bf97a4e3_cgraph.pdf Graphic fi
le (type pdf)

<use class_serial_port_a76a7bb63e3f581ccb55a5951bf97a4e3_cgraph.pdf>
Package pdftex.def Info: class_serial_port_a76a7bb63e3f581ccb55a5951bf97a4e3_cg
raph.pdf used on input line 271.
(pdftex.def)             Requested size: 315.0pt x 100.00716pt.
 [50 <./class_serial_port_a746e1ff02d45d8bf6b94e8bcbde6bb0d_cgraph.pdf> <./clas
s_serial_port_a746e1ff02d45d8bf6b94e8bcbde6bb0d_icgraph.pdf

pdfTeX warning: pdflatex (file ./class_serial_port_a746e1ff02d45d8bf6b94e8bcbde
6bb0d_icgraph.pdf): PDF inclusion: multiple pdfs with page group included in a 
single page
> <./class_serial_port_a708a04f46660c9803112fda4f60defe1_icgraph.pdf

pdfTeX warning: pdflatex (file ./class_serial_port_a708a04f46660c9803112fda4f60
defe1_icgraph.pdf): PDF inclusion: multiple pdfs with page group included in a 
single page
>]
<class_serial_port_a76a7bb63e3f581ccb55a5951bf97a4e3_icgraph.pdf, id=2308, 514.
92375pt x 111.41624pt>
File: class_serial_port_a76a7bb63e3f581ccb55a5951bf97a4e3_icgraph.pdf Graphic f
ile (type pdf)

<use class_serial_port_a76a7bb63e3f581ccb55a5951bf97a4e3_icgraph.pdf>
Package pdftex.def Info: class_serial_port_a76a7bb63e3f581ccb55a5951bf97a4e3_ic
graph.pdf used on input line 283.
(pdftex.def)             Requested size: 350.0pt x 75.73314pt.

<class_serial_port_a3ec0fe7fd001c56fb95e010da11817c0_icgraph.pdf, id=2309, 669.
50125pt x 111.41624pt>
File: class_serial_port_a3ec0fe7fd001c56fb95e010da11817c0_icgraph.pdf Graphic f
ile (type pdf)

<use class_serial_port_a3ec0fe7fd001c56fb95e010da11817c0_icgraph.pdf>
Package pdftex.def Info: class_serial_port_a3ec0fe7fd001c56fb95e010da11817c0_ic
graph.pdf used on input line 302.
(pdftex.def)             Requested size: 350.0pt x 58.24788pt.
 [51 <./class_serial_port_a76a7bb63e3f581ccb55a5951bf97a4e3_cgraph.pdf> <./clas
s_serial_port_a76a7bb63e3f581ccb55a5951bf97a4e3_icgraph.pdf

pdfTeX warning: pdflatex (file ./class_serial_port_a76a7bb63e3f581ccb55a5951bf9
7a4e3_icgraph.pdf): PDF inclusion: multiple pdfs with page group included in a 
single page
> <./class_serial_port_a3ec0fe7fd001c56fb95e010da11817c0_icgraph.pdf

pdfTeX warning: pdflatex (file ./class_serial_port_a3ec0fe7fd001c56fb95e010da11
817c0_icgraph.pdf): PDF inclusion: multiple pdfs with page group included in a 
single page
>]) (./class_ui___main_window.tex
<class_ui___main_window__inherit__graph.pdf, id=2334, 170.6375pt x 156.585pt>
File: class_ui___main_window__inherit__graph.pdf Graphic file (type pdf)

<use class_ui___main_window__inherit__graph.pdf>
Package pdftex.def Info: class_ui___main_window__inherit__graph.pdf used on inp
ut line 14.
(pdftex.def)             Requested size: 170.0pt x 156.00879pt.

<class_ui___main_window_a097dd160c3534a204904cb374412c618_icgraph.pdf, id=2353,
 574.145pt x 100.375pt>
File: class_ui___main_window_a097dd160c3534a204904cb374412c618_icgraph.pdf Grap
hic file (type pdf)

<use class_ui___main_window_a097dd160c3534a204904cb374412c618_icgraph.pdf>
Package pdftex.def Info: class_ui___main_window_a097dd160c3534a204904cb374412c6
18_icgraph.pdf used on input line 72.
(pdftex.def)             Requested size: 350.0pt x 61.19035pt.

[52 <./class_ui___main_window__inherit__graph.pdf>]
<class_ui___main_window_acf4a0872c4c77d8f43a2ec66ed849b58_cgraph.pdf, id=2383, 
397.485pt x 100.375pt>
File: class_ui___main_window_acf4a0872c4c77d8f43a2ec66ed849b58_cgraph.pdf Graph
ic file (type pdf)

<use class_ui___main_window_acf4a0872c4c77d8f43a2ec66ed849b58_cgraph.pdf>
Package pdftex.def Info: class_ui___main_window_acf4a0872c4c77d8f43a2ec66ed849b
58_cgraph.pdf used on input line 90.
(pdftex.def)             Requested size: 350.0pt x 88.38692pt.

<class_ui___main_window_acf4a0872c4c77d8f43a2ec66ed849b58_icgraph.pdf, id=2384,
 385.44pt x 100.375pt>
File: class_ui___main_window_acf4a0872c4c77d8f43a2ec66ed849b58_icgraph.pdf Grap
hic file (type pdf)

<use class_ui___main_window_acf4a0872c4c77d8f43a2ec66ed849b58_icgraph.pdf>
Package pdftex.def Info: class_ui___main_window_acf4a0872c4c77d8f43a2ec66ed849b
58_icgraph.pdf used on input line 102.
(pdftex.def)             Requested size: 350.0pt x 91.14532pt.

[53 <./class_ui___main_window_a097dd160c3534a204904cb374412c618_icgraph.pdf> <.
/class_ui___main_window_acf4a0872c4c77d8f43a2ec66ed849b58_cgraph.pdf

pdfTeX warning: pdflatex (file ./class_ui___main_window_acf4a0872c4c77d8f43a2ec
66ed849b58_cgraph.pdf): PDF inclusion: multiple pdfs with page group included i
n a single page
> <./class_ui___main_window_acf4a0872c4c77d8f43a2ec66ed849b58_icgraph.pdf

pdfTeX warning: pdflatex (file ./class_ui___main_window_acf4a0872c4c77d8f43a2ec
66ed849b58_icgraph.pdf): PDF inclusion: multiple pdfs with page group included 
in a single page
>]) [54]
Chapter 10.
(./moc__lcd_8cpp.tex
<moc__lcd_8cpp__incl.pdf, id=2410, 541.02126pt x 280.04625pt>
File: moc__lcd_8cpp__incl.pdf Graphic file (type pdf)

<use moc__lcd_8cpp__incl.pdf>
Package pdftex.def Info: moc__lcd_8cpp__incl.pdf used on input line 11.
(pdftex.def)             Requested size: 350.0pt x 181.17326pt.
 [55

 <./moc__lcd_8cpp__incl.pdf>]
LaTeX Font Info:    Font shape `T1/phv/m/n' will be
(Font)              scaled to size 6.29996pt on input line 45.
LaTeX Font Info:    Font shape `OT1/ptm/bx/n' in size <7> not available
(Font)              Font shape `OT1/ptm/b/n' tried instead on input line 46.
LaTeX Font Info:    Font shape `OT1/ptm/bx/n' in size <5> not available
(Font)              Font shape `OT1/ptm/b/n' tried instead on input line 46.
)
(./moc__mainwindow_8cpp.tex
<moc__mainwindow_8cpp__incl.pdf, id=2434, 1386.17876pt x 336.25626pt>
File: moc__mainwindow_8cpp__incl.pdf Graphic file (type pdf)

<use moc__mainwindow_8cpp__incl.pdf>
Package pdftex.def Info: moc__mainwindow_8cpp__incl.pdf used on input line 11.
(pdftex.def)             Requested size: 350.0pt x 84.90018pt.
 [56 <./moc__mainwindow_8cpp__incl.pdf>]
[57]) (./moc__plotgraph_8cpp.tex
<moc__plotgraph_8cpp__incl.pdf, id=2469, 639.38875pt x 223.83624pt>
File: moc__plotgraph_8cpp__incl.pdf Graphic file (type pdf)

<use moc__plotgraph_8cpp__incl.pdf>
Package pdftex.def Info: moc__plotgraph_8cpp__incl.pdf used on input line 11.
(pdftex.def)             Requested size: 350.0pt x 122.52968pt.
 [58 <./moc__plotgraph_8cpp__incl.pdf>])
(./moc__rs22812_8cpp.tex
<moc__rs22812_8cpp__incl.pdf, id=2493, 398.48875pt x 223.83624pt>
File: moc__rs22812_8cpp__incl.pdf Graphic file (type pdf)

<use moc__rs22812_8cpp__incl.pdf>
Package pdftex.def Info: moc__rs22812_8cpp__incl.pdf used on input line 11.
(pdftex.def)             Requested size: 350.0pt x 196.60762pt.
 [59 <./moc__rs22812_8cpp__incl.pdf>] [60])
(./moc__serialport_8cpp.tex
<moc__serialport_8cpp__incl.pdf, id=2526, 608.2725pt x 223.83624pt>
File: moc__serialport_8cpp__incl.pdf Graphic file (type pdf)

<use moc__serialport_8cpp__incl.pdf>
Package pdftex.def Info: moc__serialport_8cpp__incl.pdf used on input line 11.
(pdftex.def)             Requested size: 350.0pt x 128.79704pt.
 [61 <./moc__serialport_8cpp__incl.pdf>])
(./ui__mainwindow_8h.tex
<ui__mainwindow_8h__incl.pdf, id=2555, 2411.0075pt x 167.62625pt>
File: ui__mainwindow_8h__incl.pdf Graphic file (type pdf)

<use ui__mainwindow_8h__incl.pdf>
Package pdftex.def Info: ui__mainwindow_8h__incl.pdf used on input line 25.
(pdftex.def)             Requested size: 350.0pt x 24.33203pt.

Underfull \vbox (badness 10000) has occurred while \output is active []

 [62]
<ui__mainwindow_8h__dep__incl.pdf, id=2560, 250.9375pt x 167.62625pt>
File: ui__mainwindow_8h__dep__incl.pdf Graphic file (type pdf)

<use ui__mainwindow_8h__dep__incl.pdf>
Package pdftex.def Info: ui__mainwindow_8h__dep__incl.pdf used on input line 32
.
(pdftex.def)             Requested size: 250.0pt x 167.0094pt.
) (./lcd_8cpp.tex
<lcd_8cpp__incl.pdf, id=2564, 540.0175pt x 269.005pt>
File: lcd_8cpp__incl.pdf Graphic file (type pdf)
 <use lcd_8cpp__incl.pdf>
Package pdftex.def Info: lcd_8cpp__incl.pdf used on input line 10.
(pdftex.def)             Requested size: 350.0pt x 174.3545pt.

[63 <./ui__mainwindow_8h__incl.pdf> <./ui__mainwindow_8h__dep__incl.pdf

pdfTeX warning: pdflatex (file ./ui__mainwindow_8h__dep__incl.pdf): PDF inclusi
on: multiple pdfs with page group included in a single page
>]) (./lcd_8h.tex <lcd_8h__incl.pdf, id=2583, 540.0175pt x 212.795pt>
File: lcd_8h__incl.pdf Graphic file (type pdf)

<use lcd_8h__incl.pdf>
Package pdftex.def Info: lcd_8h__incl.pdf used on input line 15.
(pdftex.def)             Requested size: 350.0pt x 137.92221pt.
 <lcd_8h__dep__incl.pdf, id=2584, 457.71pt x 234.8775pt>
File: lcd_8h__dep__incl.pdf Graphic file (type pdf)

<use lcd_8h__dep__incl.pdf>
Package pdftex.def Info: lcd_8h__dep__incl.pdf used on input line 22.
(pdftex.def)             Requested size: 350.0pt x 179.6126pt.

Underfull \vbox (badness 10000) has occurred while \output is active []

 [64 <./lcd_8cpp__incl.pdf> <./lcd_8h__incl.pdf

pdfTeX warning: pdflatex (file ./lcd_8h__incl.pdf): PDF inclusion: multiple pdf
s with page group included in a single page
>]) (./main_8cpp.tex <main_8cpp__incl.pdf, id=2602, 1386.17876pt x 325.215pt>
File: main_8cpp__incl.pdf Graphic file (type pdf)

<use main_8cpp__incl.pdf>
Package pdftex.def Info: main_8cpp__incl.pdf used on input line 10.
(pdftex.def)             Requested size: 350.0pt x 82.11241pt.
) (./mainwindow_8cpp.tex
<mainwindow_8cpp__incl.pdf, id=2605, 3437.84375pt x 325.215pt>
File: mainwindow_8cpp__incl.pdf Graphic file (type pdf)

<use mainwindow_8cpp__incl.pdf>
Package pdftex.def Info: mainwindow_8cpp__incl.pdf used on input line 11.
(pdftex.def)             Requested size: 350.0pt x 33.10896pt.
 [65 <./lcd_8h__dep__incl.pdf> <./main_8cpp__incl.pdf

pdfTeX warning: pdflatex (file ./main_8cpp__incl.pdf): PDF inclusion: multiple 
pdfs with page group included in a single page
>]) (./mainwindow_8h.tex
<mainwindow_8h__incl.pdf, id=2623, 1386.17876pt x 269.005pt>
File: mainwindow_8h__incl.pdf Graphic file (type pdf)

<use mainwindow_8h__incl.pdf>
Package pdftex.def Info: mainwindow_8h__incl.pdf used on input line 16.
(pdftex.def)             Requested size: 350.0pt x 67.92014pt.

<mainwindow_8h__dep__incl.pdf, id=2624, 457.71pt x 167.62625pt>
File: mainwindow_8h__dep__incl.pdf Graphic file (type pdf)

<use mainwindow_8h__dep__incl.pdf>
Package pdftex.def Info: mainwindow_8h__dep__incl.pdf used on input line 23.
(pdftex.def)             Requested size: 350.0pt x 128.18504pt.
) (./plotgraph_8cpp.tex
<plotgraph_8cpp__incl.pdf, id=2628, 634.37pt x 212.795pt>
File: plotgraph_8cpp__incl.pdf Graphic file (type pdf)

<use plotgraph_8cpp__incl.pdf>
Package pdftex.def Info: plotgraph_8cpp__incl.pdf used on input line 10.
(pdftex.def)             Requested size: 350.0pt x 117.40776pt.
 [66 <./mainwindow_8cpp__incl.pdf> <./mainwindow_8h__incl.pdf

pdfTeX warning: pdflatex (file ./mainwindow_8h__incl.pdf): PDF inclusion: multi
ple pdfs with page group included in a single page
> <./mainwindow_8h__dep__incl.pdf

pdfTeX warning: pdflatex (file ./mainwindow_8h__dep__incl.pdf): PDF inclusion: 
multiple pdfs with page group included in a single page
>]) (./plotgraph_8h.tex
<plotgraph_8h__incl.pdf, id=2652, 634.37pt x 156.585pt>
File: plotgraph_8h__incl.pdf Graphic file (type pdf)

<use plotgraph_8h__incl.pdf>
Package pdftex.def Info: plotgraph_8h__incl.pdf used on input line 15.
(pdftex.def)             Requested size: 350.0pt x 86.39438pt.

<plotgraph_8h__dep__incl.pdf, id=2653, 650.43pt x 234.8775pt>
File: plotgraph_8h__dep__incl.pdf Graphic file (type pdf)

<use plotgraph_8h__dep__incl.pdf>
Package pdftex.def Info: plotgraph_8h__dep__incl.pdf used on input line 22.
(pdftex.def)             Requested size: 350.0pt x 126.39113pt.
 [67 <./plotgraph_8cpp__incl.pdf> <./plotgraph_8h__incl.pdf

pdfTeX warning: pdflatex (file ./plotgraph_8h__incl.pdf): PDF inclusion: multip
le pdfs with page group included in a single page
> <./plotgraph_8h__dep__incl.pdf

pdfTeX warning: pdflatex (file ./plotgraph_8h__dep__incl.pdf): PDF inclusion: m
ultiple pdfs with page group included in a single page
>]) (./_r_e_a_d_m_e_8md.tex) (./rs22812_8cpp.tex
<rs22812_8cpp__incl.pdf, id=2677, 212.795pt x 212.795pt>
File: rs22812_8cpp__incl.pdf Graphic file (type pdf)

<use rs22812_8cpp__incl.pdf>
Package pdftex.def Info: rs22812_8cpp__incl.pdf used on input line 10.
(pdftex.def)             Requested size: 212.0pt x 212.01193pt.
) (./rs22812_8h.tex
<rs22812_8h__incl.pdf, id=2678, 139.52126pt x 156.585pt>
File: rs22812_8h__incl.pdf Graphic file (type pdf)

<use rs22812_8h__incl.pdf>
Package pdftex.def Info: rs22812_8h__incl.pdf used on input line 9.
(pdftex.def)             Requested size: 139.0pt x 156.004pt.

<rs22812_8h__dep__incl.pdf, id=2679, 631.35875pt x 302.12875pt>
File: rs22812_8h__dep__incl.pdf Graphic file (type pdf)

<use rs22812_8h__dep__incl.pdf>
Package pdftex.def Info: rs22812_8h__dep__incl.pdf used on input line 16.
(pdftex.def)             Requested size: 350.0pt x 167.4898pt.

Underfull \vbox (badness 6978) has occurred while \output is active []

 [68 <./rs22812_8cpp__incl.pdf> <./rs22812_8h__incl.pdf

pdfTeX warning: pdflatex (file ./rs22812_8h__incl.pdf): PDF inclusion: multiple
 pdfs with page group included in a single page
>]) (./serialport_8cpp.tex
<serialport_8cpp__incl.pdf, id=2698, 571.13374pt x 212.795pt>
File: serialport_8cpp__incl.pdf Graphic file (type pdf)

<use serialport_8cpp__incl.pdf>
Package pdftex.def Info: serialport_8cpp__incl.pdf used on input line 10.
(pdftex.def)             Requested size: 350.0pt x 130.40544pt.
) (./serialport_8h.tex
<serialport_8h__incl.pdf, id=2699, 571.13374pt x 156.585pt>
File: serialport_8h__incl.pdf Graphic file (type pdf)

<use serialport_8h__incl.pdf>
Package pdftex.def Info: serialport_8h__incl.pdf used on input line 14.
(pdftex.def)             Requested size: 350.0pt x 95.95872pt.
 [69 <./rs22812_8h__dep__incl.pdf> <./serialport_8cpp__incl.pdf

pdfTeX warning: pdflatex (file ./serialport_8cpp__incl.pdf): PDF inclusion: mul
tiple pdfs with page group included in a single page
>] <serialport_8h__dep__incl.pdf, id=2717, 650.43pt x 234.8775pt>
File: serialport_8h__dep__incl.pdf Graphic file (type pdf)

<use serialport_8h__dep__incl.pdf>
Package pdftex.def Info: serialport_8h__dep__incl.pdf used on input line 21.
(pdftex.def)             Requested size: 350.0pt x 126.39113pt.
) [70 <./serialport_8h__incl.pdf> <./serialport_8h__dep__incl.pdf

pdfTeX warning: pdflatex (file ./serialport_8h__dep__incl.pdf): PDF inclusion: 
multiple pdfs with page group included in a single page
>] (./refman.ind
Underfull \hbox (badness 10000) in paragraph at lines 39--41
[]\T1/phv/m/n/10 build-multimeter-G-U-I--Desktop--Debug/moc-_-plotgraph.-
 []


Underfull \hbox (badness 10000) in paragraph at lines 41--43
[]\T1/phv/m/n/10 build-multimeter-G-U-I--Desktop--Debug/moc-_-rs22812.-cpp,
 []


Underfull \hbox (badness 10000) in paragraph at lines 43--45
[]\T1/phv/m/n/10 build-multimeter-G-U-I--Desktop--Debug/moc-_-serialport.-
 []


Underfull \hbox (badness 10000) in paragraph at lines 45--47
[]\T1/phv/m/n/10 build-multimeter-G-U-I--Desktop--Debug/ui-_-mainwindow.-h,
 []

[71

] [72] [73] [74] [75])
Package atveryend Info: Empty hook `BeforeClearDocument' on input line 194.
Package atveryend Info: Empty hook `AfterLastShipout' on input line 194.
 (./refman.aux)
Package atveryend Info: Executing hook `AtVeryEndDocument' on input line 194.
Package atveryend Info: Executing hook `AtEndAfterFileList' on input line 194.
Package rerunfilecheck Info: File `refman.out' has not changed.
(rerunfilecheck)             Checksum: 8780A6750A97030790E17CB7F25C02B4;36634.


LaTeX Font Warning: Some font shapes were not available, defaults substituted.

Package atveryend Info: Empty hook `AtVeryVeryEnd' on input line 194.
 ) 
Here is how much of TeX's memory you used:
 13674 strings out of 493315
 216654 string characters out of 6145893
 267921 words of memory out of 5000000
 16180 multiletter control sequences out of 15000+600000
 80117 words of font info for 107 fonts, out of 8000000 for 9000
 957 hyphenation exceptions out of 8191
 48i,13n,43p,558b,526s stack positions out of 5000i,500n,10000p,200000b,80000s
{/usr/share/texmf/fonts/enc/dvips/base/8r.enc}</usr/share/texmf/fonts/type1/p
ublic/amsfonts/cm/cmmi10.pfb></usr/share/texmf/fonts/type1/public/amsfonts/cm/c
msy10.pfb></usr/share/texmf/fonts/type1/urw/courier/ucrr8a.pfb></usr/share/texm
f/fonts/type1/urw/helvetic/uhvb8a.pfb></usr/share/texmf/fonts/type1/urw/helveti
c/uhvb8ac.pfb></usr/share/texmf/fonts/type1/urw/helvetic/uhvbo8ac.pfb></usr/sha
re/texmf/fonts/type1/urw/helvetic/uhvr8a.pfb></usr/share/texmf/fonts/type1/urw/
helvetic/uhvro8a.pfb>
Output written on refman.pdf (85 pages, 417922 bytes).
PDF statistics:
 3264 PDF objects out of 3580 (max. 8388607)
 2975 compressed objects within 30 object streams
 579 named destinations out of 1000 (max. 500000)
 2398 words of extra memory for PDF output out of 10000 (max. 10000000)

